POST /api/user/authenticate 200 559 - 25.829 ms Tue, 16 Jan 2024 10:54:22 GMT
GET /api/workouts/favoriteworkouts 304 - - 25.930 ms Tue, 16 Jan 2024 10:54:22 GMT
GET /api/workouts/favoriteworkouts 304 - - 10.085 ms Tue, 16 Jan 2024 10:54:22 GMT
POST /api/user/login 200 108.686 ms Tue, 16 Jan 2024 10:55:04 GMT
POST /api/user/authenticate 200 15.454 ms Tue, 16 Jan 2024 10:55:04 GMT
GET /api/workouts 200 14.591 ms Tue, 16 Jan 2024 10:55:04 GMT
GET /api/workouts 304 6.521 ms Tue, 16 Jan 2024 10:55:04 GMT
POST /api/user/authenticate 200 9.641 ms Tue, 16 Jan 2024 10:55:18 GMT
GET /api/workouts/myworkouts 200 12.816 ms Tue, 16 Jan 2024 10:55:18 GMT
GET /api/workouts/myworkouts 304 10.232 ms Tue, 16 Jan 2024 10:55:18 GMT
POST /api/user/authenticate 200 - 33.526 ms Tue, 16 Jan 2024 10:55:38 GMT
GET /api/workouts/favoriteworkouts 304 - 13.591 ms Tue, 16 Jan 2024 10:55:38 GMT
GET /api/workouts/favoriteworkouts 304 - 13.829 ms Tue, 16 Jan 2024 10:55:38 GMT
POST /api/user/authenticate 200 - 8.052 ms Tue, 16 Jan 2024 10:55:41 GMT
GET /api/workouts/myworkouts 304 - 12.188 ms Tue, 16 Jan 2024 10:55:41 GMT
GET /api/workouts/myworkouts 304 - 7.313 ms Tue, 16 Jan 2024 10:55:41 GMT
POST /api/user/authenticate status 200, 24.944 ms Tue, 16 Jan 2024 10:56:14 GMT
GET /api/workouts/favoriteworkouts status 304, 21.146 ms Tue, 16 Jan 2024 10:56:14 GMT
GET /api/workouts/favoriteworkouts status 304, 14.986 ms Tue, 16 Jan 2024 10:56:14 GMT
POST /api/user/authenticate status 200, 9.694 ms Tue, 16 Jan 2024 11:00:14 GMT
GET /api/workouts/myworkouts status 304, 14.412 ms Tue, 16 Jan 2024 11:00:14 GMT
GET /api/workouts/myworkouts status 304, 11.200 ms Tue, 16 Jan 2024 11:00:14 GMT
POST /api/user/authenticate status 200, 5.277 ms Tue, 16 Jan 2024 11:00:15 GMT
POST /api/user/authenticate status 200, 7.390 ms Tue, 16 Jan 2024 11:46:53 GMT
GET /api/workouts/myworkouts status 304, 10.378 ms Tue, 16 Jan 2024 11:46:53 GMT
GET /api/workouts/myworkouts status 304, 6.887 ms Tue, 16 Jan 2024 11:46:53 GMT
POST /api/user/authenticate status 200, 7.272 ms Tue, 16 Jan 2024 11:48:32 GMT
GET /api/workouts/favoriteworkouts status 304, 9.556 ms Tue, 16 Jan 2024 11:48:32 GMT
GET /api/workouts/favoriteworkouts status 304, 6.551 ms Tue, 16 Jan 2024 11:48:32 GMT
POST /api/user/authenticate status 200, 4.207 ms Tue, 16 Jan 2024 11:48:35 GMT
GET /api/workouts/myworkouts status 304, 7.740 ms Tue, 16 Jan 2024 11:48:35 GMT
GET /api/workouts/myworkouts status 304, 7.117 ms Tue, 16 Jan 2024 11:48:35 GMT
POST /api/user/authenticate status 200, 6.894 ms Tue, 16 Jan 2024 11:48:39 GMT
GET /api/workouts/favoriteworkouts status 304, 7.860 ms Tue, 16 Jan 2024 11:48:39 GMT
GET /api/workouts/favoriteworkouts status 304, 7.619 ms Tue, 16 Jan 2024 11:48:39 GMT
POST /api/user/authenticate status 200, 3.525 ms Tue, 16 Jan 2024 11:48:48 GMT
POST /api/user/authenticate status 200, 6.135 ms Tue, 16 Jan 2024 11:48:48 GMT
GET /api/workouts status 304, 6.087 ms Tue, 16 Jan 2024 11:48:48 GMT
GET /api/workouts status 304, 5.103 ms Tue, 16 Jan 2024 11:48:48 GMT
GET /api/workouts status 304, 3.362 ms Tue, 16 Jan 2024 11:48:49 GMT
GET /api/workouts status 304, 3.605 ms Tue, 16 Jan 2024 11:48:49 GMT
POST /api/user/authenticate status 200, 4.015 ms Tue, 16 Jan 2024 11:49:27 GMT
GET /api/workouts status 304, 4.580 ms Tue, 16 Jan 2024 11:49:27 GMT
GET /api/workouts status 304, 4.900 ms Tue, 16 Jan 2024 11:49:27 GMT
POST /api/user/authenticate status 200, 4.892 ms Tue, 16 Jan 2024 11:50:23 GMT
POST /api/user/authenticate status 200, 4.847 ms Tue, 16 Jan 2024 11:50:57 GMT
GET /api/workouts status 304, 4.298 ms Tue, 16 Jan 2024 11:50:57 GMT
GET /api/workouts status 304, 4.806 ms Tue, 16 Jan 2024 11:50:57 GMT
POST /api/user/authenticate status 200, 5.814 ms Tue, 16 Jan 2024 11:50:58 GMT
GET /api/workouts/favoriteworkouts status 304, 8.096 ms Tue, 16 Jan 2024 11:50:58 GMT
GET /api/workouts/favoriteworkouts status 304, 5.825 ms Tue, 16 Jan 2024 11:50:58 GMT
POST /api/user/authenticate status 200, 3.640 ms Tue, 16 Jan 2024 11:50:59 GMT
GET /api/workouts status 304, 3.418 ms Tue, 16 Jan 2024 11:50:59 GMT
GET /api/workouts status 304, 4.991 ms Tue, 16 Jan 2024 11:50:59 GMT
POST /api/user/authenticate status 200, 3.548 ms Tue, 16 Jan 2024 11:51:03 GMT
GET /api/workouts/favoriteworkouts status 304, 7.495 ms Tue, 16 Jan 2024 11:51:03 GMT
GET /api/workouts/favoriteworkouts status 304, 6.736 ms Tue, 16 Jan 2024 11:51:03 GMT
POST /api/user/authenticate status 200, 4.669 ms Tue, 16 Jan 2024 11:51:06 GMT
GET /api/workouts status 304, 6.316 ms Tue, 16 Jan 2024 11:51:06 GMT
GET /api/workouts status 304, 4.960 ms Tue, 16 Jan 2024 11:51:06 GMT
POST /api/user/authenticate status 200, 3.215 ms Tue, 16 Jan 2024 11:51:12 GMT
GET /api/workouts status 304, 6.175 ms Tue, 16 Jan 2024 11:51:12 GMT
POST /api/user/authenticate status 200, 5.236 ms Tue, 16 Jan 2024 11:51:12 GMT
GET /api/workouts status 304, 4.710 ms Tue, 16 Jan 2024 11:51:13 GMT
GET /api/workouts status 304, 4.685 ms Tue, 16 Jan 2024 11:51:13 GMT
GET /api/workouts status 304, 5.594 ms Tue, 16 Jan 2024 11:51:13 GMT
POST /api/user/authenticate status 200, 4.548 ms Tue, 16 Jan 2024 11:51:15 GMT
GET /api/workouts/favoriteworkouts status 304, 7.012 ms Tue, 16 Jan 2024 11:51:15 GMT
GET /api/workouts/favoriteworkouts status 304, 6.177 ms Tue, 16 Jan 2024 11:51:15 GMT
POST /api/user/authenticate status 200, 6.060 ms Tue, 16 Jan 2024 11:51:21 GMT
POST /api/user/authenticate status 200, 4.540 ms Tue, 16 Jan 2024 11:51:21 GMT
GET /api/workouts/favoriteworkouts status 304, 5.617 ms Tue, 16 Jan 2024 11:51:21 GMT
GET /api/workouts/favoriteworkouts status 304, 4.698 ms Tue, 16 Jan 2024 11:51:21 GMT
POST /api/user/authenticate status 200, 6.397 ms Tue, 16 Jan 2024 11:51:26 GMT
GET /api/workouts status 304, 5.621 ms Tue, 16 Jan 2024 11:51:26 GMT
GET /api/workouts status 304, 4.880 ms Tue, 16 Jan 2024 11:51:26 GMT
POST /api/user/authenticate status 200, 4.325 ms Tue, 16 Jan 2024 11:51:32 GMT
GET /api/workouts status 304, 4.104 ms Tue, 16 Jan 2024 11:51:32 GMT
GET /api/workouts status 304, 7.213 ms Tue, 16 Jan 2024 11:51:32 GMT
POST /api/user/authenticate status 200, 6.945 ms Tue, 16 Jan 2024 11:51:32 GMT
GET /api/workouts status 304, 3.602 ms Tue, 16 Jan 2024 11:51:33 GMT
GET /api/workouts status 304, 3.934 ms Tue, 16 Jan 2024 11:51:33 GMT
POST /api/user/authenticate status 200, 3.683 ms Tue, 16 Jan 2024 11:51:50 GMT
GET /api/workouts status 304, 4.211 ms Tue, 16 Jan 2024 11:51:50 GMT
GET /api/workouts status 304, 3.265 ms Tue, 16 Jan 2024 11:51:50 GMT
POST /api/user/authenticate status 200, 5.360 ms Tue, 16 Jan 2024 11:51:51 GMT
GET /api/workouts status 304, 4.918 ms Tue, 16 Jan 2024 11:51:51 GMT
GET /api/workouts status 304, 4.136 ms Tue, 16 Jan 2024 11:51:51 GMT
POST /api/user/authenticate status 200, 3.526 ms Tue, 16 Jan 2024 11:51:52 GMT
GET /api/workouts/favoriteworkouts status 304, 6.677 ms Tue, 16 Jan 2024 11:51:52 GMT
GET /api/workouts/favoriteworkouts status 304, 8.412 ms Tue, 16 Jan 2024 11:51:52 GMT
POST /api/user/authenticate status 200, 4.930 ms Tue, 16 Jan 2024 11:51:53 GMT
GET /api/workouts status 304, 5.684 ms Tue, 16 Jan 2024 11:51:53 GMT
GET /api/workouts status 304, 3.953 ms Tue, 16 Jan 2024 11:51:53 GMT
POST /api/user/authenticate status 200, 3.484 ms Tue, 16 Jan 2024 11:51:53 GMT
GET /api/workouts status 304, 4.407 ms Tue, 16 Jan 2024 11:51:54 GMT
GET /api/workouts status 304, 4.312 ms Tue, 16 Jan 2024 11:51:54 GMT
POST /api/user/authenticate status 200, 3.813 ms Tue, 16 Jan 2024 11:51:54 GMT
POST /api/user/authenticate status 200, 7.735 ms Tue, 16 Jan 2024 11:51:55 GMT
GET /api/workouts/myworkouts status 304, 8.507 ms Tue, 16 Jan 2024 11:51:55 GMT
GET /api/workouts/myworkouts status 304, 6.996 ms Tue, 16 Jan 2024 11:51:55 GMT
POST /api/user/authenticate status 200, 4.123 ms Tue, 16 Jan 2024 11:51:55 GMT
GET /api/workouts/favoriteworkouts status 304, 7.636 ms Tue, 16 Jan 2024 11:51:56 GMT
GET /api/workouts/favoriteworkouts status 304, 6.512 ms Tue, 16 Jan 2024 11:51:56 GMT
POST /api/user/authenticate status 200, 8.630 ms Tue, 16 Jan 2024 11:51:56 GMT
GET /api/workouts status 304, 7.170 ms Tue, 16 Jan 2024 11:51:56 GMT
GET /api/workouts status 304, 5.375 ms Tue, 16 Jan 2024 11:51:56 GMT
POST /api/user/authenticate status 200, 3.103 ms Tue, 16 Jan 2024 11:52:02 GMT
GET /api/workouts/myworkouts status 304, 6.580 ms Tue, 16 Jan 2024 11:52:02 GMT
GET /api/workouts/myworkouts status 304, 4.972 ms Tue, 16 Jan 2024 11:52:02 GMT
POST /api/user/authenticate status 200, 4.229 ms Tue, 16 Jan 2024 11:52:05 GMT
GET /api/workouts status 304, 2.829 ms Tue, 16 Jan 2024 11:52:05 GMT
GET /api/workouts status 304, 3.673 ms Tue, 16 Jan 2024 11:52:06 GMT
POST /api/user/authenticate status 200, 4.968 ms Tue, 16 Jan 2024 11:52:30 GMT
POST /api/user/authenticate status 200, 8.945 ms Tue, 16 Jan 2024 12:25:36 GMT
POST /api/user/authenticate status 200, 6.459 ms Tue, 16 Jan 2024 12:25:36 GMT
POST /api/user/authenticate status 200, 8.302 ms Tue, 16 Jan 2024 12:32:31 GMT
GET /api/workouts/favoriteworkouts status 304, 8.965 ms Tue, 16 Jan 2024 12:32:31 GMT
GET /api/workouts/favoriteworkouts status 304, 8.504 ms Tue, 16 Jan 2024 12:32:31 GMT
POST /api/user/authenticate status 200, 4.777 ms Tue, 16 Jan 2024 12:32:32 GMT
GET /api/workouts status 304, 4.863 ms Tue, 16 Jan 2024 12:32:32 GMT
GET /api/workouts status 304, 4.168 ms Tue, 16 Jan 2024 12:32:32 GMT
POST /api/user/authenticate status 200, 3.884 ms Tue, 16 Jan 2024 12:32:33 GMT
POST /api/user/authenticate status 200, 6.346 ms Tue, 16 Jan 2024 12:32:35 GMT
GET /api/workouts status 304, 5.541 ms Tue, 16 Jan 2024 12:32:35 GMT
GET /api/workouts status 304, 3.901 ms Tue, 16 Jan 2024 12:32:35 GMT
POST /api/user/authenticate status 200, 4.192 ms Tue, 16 Jan 2024 12:32:36 GMT
POST /api/user/authenticate status 200, 5.755 ms Tue, 16 Jan 2024 12:32:43 GMT
GET /api/workouts status 304, 5.090 ms Tue, 16 Jan 2024 12:32:43 GMT
GET /api/workouts status 304, 3.822 ms Tue, 16 Jan 2024 12:32:43 GMT
POST /api/user/authenticate status 200, 4.753 ms Tue, 16 Jan 2024 12:32:44 GMT
POST /api/user/authenticate status 200, 8.026 ms Tue, 16 Jan 2024 12:33:32 GMT
GET /api/workouts status 304, 5.715 ms Tue, 16 Jan 2024 12:33:32 GMT
GET /api/workouts status 304, 3.656 ms Tue, 16 Jan 2024 12:33:33 GMT
POST /api/user/authenticate status 200, 4.834 ms Tue, 16 Jan 2024 12:33:34 GMT
POST /api/user/authenticate status 200, 6.525 ms Tue, 16 Jan 2024 12:34:32 GMT
GET /api/workouts status 304, 5.821 ms Tue, 16 Jan 2024 12:34:32 GMT
GET /api/workouts status 304, 3.303 ms Tue, 16 Jan 2024 12:34:33 GMT
POST /api/user/authenticate status 200, 3.667 ms Tue, 16 Jan 2024 12:34:33 GMT
GET /api/workouts status 304, 4.900 ms Tue, 16 Jan 2024 12:34:33 GMT
GET /api/workouts status 304, 4.172 ms Tue, 16 Jan 2024 12:34:33 GMT
POST /api/user/authenticate status 200, 4.075 ms Tue, 16 Jan 2024 12:34:34 GMT
GET /api/workouts status 304, 4.841 ms Tue, 16 Jan 2024 12:34:34 GMT
GET /api/workouts status 304, 3.942 ms Tue, 16 Jan 2024 12:34:34 GMT
POST /api/user/authenticate status 200, 3.530 ms Tue, 16 Jan 2024 12:34:36 GMT
GET /api/workouts status 304, 3.992 ms Tue, 16 Jan 2024 12:34:36 GMT
GET /api/workouts status 304, 3.277 ms Tue, 16 Jan 2024 12:34:36 GMT
POST /api/user/authenticate status 200, 4.426 ms Tue, 16 Jan 2024 12:34:37 GMT
POST /api/user/authenticate status 200, 4.686 ms Tue, 16 Jan 2024 12:34:38 GMT
GET /api/workouts status 304, 4.194 ms Tue, 16 Jan 2024 12:34:39 GMT
GET /api/workouts status 304, 4.733 ms Tue, 16 Jan 2024 12:34:39 GMT
POST /api/user/authenticate status 200, 15.741 ms Tue, 16 Jan 2024 12:35:09 GMT
POST /api/user/authenticate status 200, 6.758 ms Tue, 16 Jan 2024 12:37:53 GMT
GET /api/workouts/myworkouts status 304, 7.909 ms Tue, 16 Jan 2024 12:37:53 GMT
GET /api/workouts/myworkouts status 304, 5.795 ms Tue, 16 Jan 2024 12:37:53 GMT
PUT /api/workouts/favorite/65a4d767df173b77257b40e8 status 200, 33.112 ms Tue, 16 Jan 2024 12:43:30 GMT
PUT /api/workouts/unfavorite/65a3b806b8b419eb9fb4bdbc status 200, 10.127 ms Tue, 16 Jan 2024 12:45:42 GMT
PUT /api/workouts/favorite/65a3b806b8b419eb9fb4bdbc status 200, 24.150 ms Tue, 16 Jan 2024 12:45:43 GMT
POST /api/user/authenticate status 200, 25.882 ms Tue, 16 Jan 2024 12:52:17 GMT
POST /api/workouts/myworkouts/create/new status 201, 41.658 ms Tue, 16 Jan 2024 12:52:20 GMT
POST /api/user/authenticate status 200, 7.906 ms Tue, 16 Jan 2024 12:52:21 GMT
GET /api/workouts/myworkouts status 200, 14.632 ms Tue, 16 Jan 2024 12:52:21 GMT
GET /api/workouts/myworkouts status 304, 7.566 ms Tue, 16 Jan 2024 12:52:21 GMT
POST /api/user/authenticate status 200, 23.893 ms Tue, 16 Jan 2024 12:56:06 GMT
POST /api/workouts/myworkouts/create/new status 201, 42.995 ms Tue, 16 Jan 2024 12:56:44 GMT
POST /api/user/authenticate status 200, 8.884 ms Tue, 16 Jan 2024 12:56:44 GMT
GET /api/workouts/myworkouts status 200, 23.838 ms Tue, 16 Jan 2024 12:56:44 GMT
GET /api/workouts/myworkouts status 304, 9.034 ms Tue, 16 Jan 2024 12:56:44 GMT
POST /api/user/authenticate status 200, 22.048 ms Tue, 16 Jan 2024 12:57:34 GMT
POST /api/workouts/myworkouts/create/new status 500, 44.697 ms Tue, 16 Jan 2024 12:57:39 GMT
POST /api/workouts/myworkouts/create/new status 420, 30.297 ms Tue, 16 Jan 2024 12:58:04 GMT
POST /api/user/authenticate status 200, 9.010 ms Tue, 16 Jan 2024 12:58:10 GMT
GET /api/workouts/myworkouts status 200, 15.745 ms Tue, 16 Jan 2024 12:58:10 GMT
GET /api/workouts/myworkouts status 304, 13.910 ms Tue, 16 Jan 2024 12:58:10 GMT
DELETE /api/workouts/myworkouts/65a67d4341b6c8e5910442db status 200, 26.390 ms Tue, 16 Jan 2024 12:58:12 GMT
DELETE /api/workouts/myworkouts/65a67d0c3314bae33013b22e status 200, 11.229 ms Tue, 16 Jan 2024 12:58:14 GMT
DELETE /api/workouts/myworkouts/65a67c04d3a9c8b5b66dfaeb status 200, 29.412 ms Tue, 16 Jan 2024 12:58:15 GMT
POST /api/user/authenticate status 200, 4.678 ms Tue, 16 Jan 2024 12:58:17 GMT
POST /api/workouts/myworkouts/create/new status 201, 30.599 ms Tue, 16 Jan 2024 12:58:23 GMT
POST /api/user/authenticate status 200, 4.932 ms Tue, 16 Jan 2024 12:58:24 GMT
GET /api/workouts/myworkouts status 200, 7.766 ms Tue, 16 Jan 2024 12:58:24 GMT
GET /api/workouts/myworkouts status 304, 8.189 ms Tue, 16 Jan 2024 12:58:24 GMT
POST /api/user/authenticate status 200, 26.165 ms Tue, 16 Jan 2024 13:00:58 GMT
POST /api/workouts/myworkouts/create/new status 500, 48.500 ms Tue, 16 Jan 2024 13:01:06 GMT
POST /api/user/authenticate status 200, 29.711 ms Tue, 16 Jan 2024 13:01:22 GMT
GET /api/workouts/myworkouts status 200, 30.702 ms Tue, 16 Jan 2024 13:01:22 GMT
GET /api/workouts/myworkouts status 304, 12.440 ms Tue, 16 Jan 2024 13:01:22 GMT
DELETE /api/workouts/myworkouts/65a67e1224feed9855db399e status 200, 24.941 ms Tue, 16 Jan 2024 13:01:32 GMT
POST /api/user/authenticate status 200, 4.351 ms Tue, 16 Jan 2024 13:01:34 GMT
POST /api/workouts/myworkouts/create/new status 201, 39.420 ms Tue, 16 Jan 2024 13:01:40 GMT
POST /api/user/authenticate status 200, 6.566 ms Tue, 16 Jan 2024 13:01:41 GMT
GET /api/workouts/myworkouts status 200, 14.574 ms Tue, 16 Jan 2024 13:01:41 GMT
GET /api/workouts/myworkouts status 304, 10.599 ms Tue, 16 Jan 2024 13:01:41 GMT
POST /api/user/authenticate status 200, 4.411 ms Tue, 16 Jan 2024 13:03:14 GMT
POST /api/user/authenticate status 200, 3.399 ms Tue, 16 Jan 2024 13:03:16 GMT
POST /api/user/authenticate status 200, 5.648 ms Tue, 16 Jan 2024 13:04:02 GMT
POST /api/user/authenticate status 200, 4.638 ms Tue, 16 Jan 2024 13:04:04 GMT
GET /api/workouts status 200, 6.258 ms Tue, 16 Jan 2024 13:04:04 GMT
POST /api/user/authenticate status 200, 7.396 ms Tue, 16 Jan 2024 13:04:04 GMT
GET /api/workouts status 304, 8.494 ms Tue, 16 Jan 2024 13:04:04 GMT
GET /api/workouts status 304, 6.467 ms Tue, 16 Jan 2024 13:04:04 GMT
GET /api/workouts status 304, 7.954 ms Tue, 16 Jan 2024 13:04:04 GMT
PUT /api/workouts/favorite/65a67d6f6e5734c19c1577fc status 200, 15.769 ms Tue, 16 Jan 2024 13:06:01 GMT
GET /api/workouts status 200, 6.607 ms Tue, 16 Jan 2024 13:07:39 GMT
POST /api/user/authenticate status 200, 6.766 ms Tue, 16 Jan 2024 13:07:39 GMT
POST /api/user/authenticate status 200, 5.112 ms Tue, 16 Jan 2024 13:07:39 GMT
GET /api/workouts status 304, 4.907 ms Tue, 16 Jan 2024 13:07:39 GMT
GET /api/workouts status 304, 4.789 ms Tue, 16 Jan 2024 13:07:39 GMT
GET /api/workouts status 304, 5.034 ms Tue, 16 Jan 2024 13:07:39 GMT
PUT /api/workouts/favorite/65a67e3405d0ecf00a52979c status 200, 14.214 ms Tue, 16 Jan 2024 13:07:44 GMT
POST /api/user/authenticate status 200, 4.678 ms Tue, 16 Jan 2024 13:13:09 GMT
GET /api/workouts/myworkouts status 200, 8.631 ms Tue, 16 Jan 2024 13:13:09 GMT
GET /api/workouts/myworkouts status 304, 10.070 ms Tue, 16 Jan 2024 13:13:09 GMT
PUT /api/workouts/unfavorite/65a67e3405d0ecf00a52979c status 200, 11.162 ms Tue, 16 Jan 2024 13:14:05 GMT
PUT /api/workouts/favorite/65a67e3405d0ecf00a52979c status 200, 13.036 ms Tue, 16 Jan 2024 13:14:06 GMT
PUT /api/workouts/unfavorite/65a67e3405d0ecf00a52979c status 200, 10.739 ms Tue, 16 Jan 2024 13:14:07 GMT
PUT /api/workouts/favorite/65a67e3405d0ecf00a52979c status 200, 13.011 ms Tue, 16 Jan 2024 13:14:07 GMT
PUT /api/workouts/unfavorite/65a67e3405d0ecf00a52979c status 200, 11.737 ms Tue, 16 Jan 2024 13:14:08 GMT
PUT /api/workouts/favorite/65a67e3405d0ecf00a52979c status 200, 12.739 ms Tue, 16 Jan 2024 13:14:08 GMT
PUT /api/workouts/favorite/65a54e07f9a8eebed5145d6e status 200, 12.374 ms Tue, 16 Jan 2024 13:14:13 GMT
PUT /api/workouts/unfavorite/65a54e07f9a8eebed5145d6e status 200, 9.617 ms Tue, 16 Jan 2024 13:14:13 GMT
POST /api/user/authenticate status 200, 7.996 ms Tue, 16 Jan 2024 13:14:22 GMT
GET /api/workouts/workout/65a67d6f6e5734c19c1577fc status 200, 10.003 ms Tue, 16 Jan 2024 13:14:22 GMT
GET /api/workouts/workout/65a67d6f6e5734c19c1577fc status 304, 5.796 ms Tue, 16 Jan 2024 13:14:22 GMT
PUT /api/workouts/myworkouts/65a67d6f6e5734c19c1577fc status 200, 14.899 ms Tue, 16 Jan 2024 13:14:24 GMT
POST /api/user/authenticate status 200, 7.566 ms Tue, 16 Jan 2024 13:14:25 GMT
GET /api/workouts/myworkouts status 200, 12.337 ms Tue, 16 Jan 2024 13:14:25 GMT
GET /api/workouts/myworkouts status 304, 9.704 ms Tue, 16 Jan 2024 13:14:25 GMT
POST /api/user/authenticate status 200, 5.248 ms Tue, 16 Jan 2024 13:19:11 GMT
POST /api/workouts/myworkouts/create/new status 201, 22.987 ms Tue, 16 Jan 2024 13:19:17 GMT
POST /api/user/authenticate status 200, 7.147 ms Tue, 16 Jan 2024 13:19:17 GMT
GET /api/workouts/myworkouts status 200, 11.268 ms Tue, 16 Jan 2024 13:19:17 GMT
GET /api/workouts/myworkouts status 304, 7.716 ms Tue, 16 Jan 2024 13:19:17 GMT
POST /api/user/authenticate status 200, 8.000 ms Tue, 16 Jan 2024 13:28:42 GMT
POST /api/user/authenticate status 200, 6.779 ms Tue, 16 Jan 2024 13:28:42 GMT
GET /api/workouts/myworkouts status 200, 7.521 ms Tue, 16 Jan 2024 13:28:42 GMT
GET /api/workouts/myworkouts status 304, 8.680 ms Tue, 16 Jan 2024 13:28:42 GMT
POST /api/user/authenticate status 200, 4.713 ms Tue, 16 Jan 2024 13:29:45 GMT
POST /api/user/authenticate status 200, 4.802 ms Tue, 16 Jan 2024 13:29:45 GMT
GET /api/workouts/myworkouts status 200, 7.321 ms Tue, 16 Jan 2024 13:29:45 GMT
GET /api/workouts/myworkouts status 304, 9.821 ms Tue, 16 Jan 2024 13:29:45 GMT
POST /api/user/authenticate status 200, 5.034 ms Tue, 16 Jan 2024 13:51:44 GMT
POST /api/user/authenticate status 200, 4.037 ms Tue, 16 Jan 2024 13:51:44 GMT
GET /api/workouts/myworkouts status 304, 7.879 ms Tue, 16 Jan 2024 13:51:44 GMT
GET /api/workouts/myworkouts status 304, 8.636 ms Tue, 16 Jan 2024 13:51:44 GMT
DELETE /api/workouts/myworkouts/65a6825505d0ecf00a5297f4 status 200, 14.695 ms Tue, 16 Jan 2024 13:53:18 GMT
DELETE /api/workouts/myworkouts/65a67e3405d0ecf00a52979c status 200, 11.746 ms Tue, 16 Jan 2024 13:53:20 GMT
DELETE /api/workouts/myworkouts/65a67d6f6e5734c19c1577fc status 200, 25.929 ms Tue, 16 Jan 2024 13:53:22 GMT
POST /api/user/authenticate status 200, 5.296 ms Tue, 16 Jan 2024 13:55:21 GMT
POST /api/user/authenticate status 200, 4.431 ms Tue, 16 Jan 2024 13:55:21 GMT
GET /api/workouts/myworkouts status 200, 6.440 ms Tue, 16 Jan 2024 13:55:21 GMT
GET /api/workouts/myworkouts status 304, 8.716 ms Tue, 16 Jan 2024 13:55:22 GMT
POST /api/user/authenticate status 200, 14.435 ms Tue, 16 Jan 2024 13:56:31 GMT
GET /api/workouts/workout/65a3b79cb8b419eb9fb4bd84 status 200, 11.618 ms Tue, 16 Jan 2024 13:56:31 GMT
GET /api/workouts/workout/65a3b79cb8b419eb9fb4bd84 status 304, 3.788 ms Tue, 16 Jan 2024 13:56:31 GMT
POST /api/user/authenticate status 200, 3.624 ms Tue, 16 Jan 2024 13:56:36 GMT
GET /api/workouts/myworkouts status 304, 6.889 ms Tue, 16 Jan 2024 13:56:36 GMT
GET /api/workouts/myworkouts status 304, 8.165 ms Tue, 16 Jan 2024 13:56:36 GMT
POST /api/user/authenticate status 200, 4.571 ms Tue, 16 Jan 2024 13:56:54 GMT
GET /api/workouts/workout/65a3b79cb8b419eb9fb4bd84 status 304, 6.411 ms Tue, 16 Jan 2024 13:56:54 GMT
GET /api/workouts/workout/65a3b79cb8b419eb9fb4bd84 status 304, 4.864 ms Tue, 16 Jan 2024 13:56:54 GMT
GET /api/workouts/workout/65a3b79cb8b419eb9fb4bd84 status 304, 6.281 ms Tue, 16 Jan 2024 13:57:05 GMT
POST /api/user/authenticate status 200, 5.740 ms Tue, 16 Jan 2024 13:57:07 GMT
GET /api/workouts/myworkouts status 304, 12.158 ms Tue, 16 Jan 2024 13:57:07 GMT
GET /api/workouts/myworkouts status 304, 9.124 ms Tue, 16 Jan 2024 13:57:07 GMT
POST /api/user/authenticate status 200, 4.923 ms Tue, 16 Jan 2024 13:57:07 GMT
POST /api/workouts/myworkouts/create/new status 201, 15.885 ms Tue, 16 Jan 2024 13:57:11 GMT
POST /api/user/authenticate status 200, 3.316 ms Tue, 16 Jan 2024 13:57:11 GMT
GET /api/workouts/myworkouts status 200, 6.909 ms Tue, 16 Jan 2024 13:57:11 GMT
GET /api/workouts/myworkouts status 304, 7.462 ms Tue, 16 Jan 2024 13:57:11 GMT
DELETE /api/workouts/myworkouts/65a68b3705d0ecf00a52983d status 200, 10.048 ms Tue, 16 Jan 2024 13:57:21 GMT
POST /api/user/authenticate status 200, 10.572 ms Tue, 16 Jan 2024 14:20:07 GMT
GET /api/workouts status 200, 5.888 ms Tue, 16 Jan 2024 14:20:07 GMT
GET /api/workouts status 304, 3.788 ms Tue, 16 Jan 2024 14:20:07 GMT
POST /api/user/authenticate status 200, 3.468 ms Tue, 16 Jan 2024 14:21:54 GMT
GET /api/workouts/myworkouts status 200, 6.483 ms Tue, 16 Jan 2024 14:21:55 GMT
GET /api/workouts/myworkouts status 304, 5.553 ms Tue, 16 Jan 2024 14:21:55 GMT
POST /api/user/authenticate status 200, 5.921 ms Tue, 16 Jan 2024 14:21:57 GMT
GET /api/workouts/workout/65a3b76cb8b419eb9fb4bd77 status 200, 6.592 ms Tue, 16 Jan 2024 14:21:57 GMT
GET /api/workouts/workout/65a3b76cb8b419eb9fb4bd77 status 304, 4.235 ms Tue, 16 Jan 2024 14:21:57 GMT
PUT /api/workouts/myworkouts/65a3b76cb8b419eb9fb4bd77 status 200, 9.514 ms Tue, 16 Jan 2024 14:21:58 GMT
POST /api/user/authenticate status 200, 7.660 ms Tue, 16 Jan 2024 14:21:59 GMT
GET /api/workouts/myworkouts status 200, 9.669 ms Tue, 16 Jan 2024 14:21:59 GMT
GET /api/workouts/myworkouts status 304, 9.307 ms Tue, 16 Jan 2024 14:21:59 GMT
POST /api/user/authenticate status 200, 3.698 ms Tue, 16 Jan 2024 14:22:06 GMT
GET /api/workouts/workout/65a3b76cb8b419eb9fb4bd77 status 200, 4.635 ms Tue, 16 Jan 2024 14:22:07 GMT
GET /api/workouts/workout/65a3b76cb8b419eb9fb4bd77 status 304, 3.857 ms Tue, 16 Jan 2024 14:22:07 GMT
PUT /api/workouts/myworkouts/65a3b76cb8b419eb9fb4bd77 status 200, 10.786 ms Tue, 16 Jan 2024 14:22:10 GMT
POST /api/user/authenticate status 200, 6.660 ms Tue, 16 Jan 2024 14:22:11 GMT
GET /api/workouts/myworkouts status 200, 9.198 ms Tue, 16 Jan 2024 14:22:11 GMT
GET /api/workouts/myworkouts status 304, 6.478 ms Tue, 16 Jan 2024 14:22:11 GMT
POST /api/user/authenticate status 200, 6.212 ms Tue, 16 Jan 2024 14:31:44 GMT
GET /api/workouts/workout/65a3b76cb8b419eb9fb4bd77 status 200, 6.456 ms Tue, 16 Jan 2024 14:31:44 GMT
GET /api/workouts/workout/65a3b76cb8b419eb9fb4bd77 status 304, 5.113 ms Tue, 16 Jan 2024 14:31:44 GMT
PUT /api/workouts/myworkouts/65a3b76cb8b419eb9fb4bd77 status 200, 12.845 ms Tue, 16 Jan 2024 14:31:47 GMT
POST /api/user/authenticate status 200, 6.520 ms Tue, 16 Jan 2024 14:31:47 GMT
GET /api/workouts/myworkouts status 200, 9.400 ms Tue, 16 Jan 2024 14:31:47 GMT
GET /api/workouts/myworkouts status 304, 7.989 ms Tue, 16 Jan 2024 14:31:48 GMT
POST /api/user/authenticate status 200, 11.912 ms Tue, 16 Jan 2024 14:32:57 GMT
GET /api/workouts status 200, 9.604 ms Tue, 16 Jan 2024 14:32:57 GMT
GET /api/workouts status 304, 3.469 ms Tue, 16 Jan 2024 14:32:57 GMT
POST /api/user/authenticate status 200, 3.062 ms Tue, 16 Jan 2024 14:32:59 GMT
GET /api/workouts/favoriteworkouts status 200, 6.824 ms Tue, 16 Jan 2024 14:33:00 GMT
GET /api/workouts/favoriteworkouts status 304, 6.311 ms Tue, 16 Jan 2024 14:33:00 GMT
POST /api/user/authenticate status 200, 5.484 ms Tue, 16 Jan 2024 14:33:01 GMT
GET /api/workouts status 304, 5.178 ms Tue, 16 Jan 2024 14:33:01 GMT
GET /api/workouts status 304, 3.550 ms Tue, 16 Jan 2024 14:33:01 GMT
POST /api/user/authenticate status 200, 2.670 ms Tue, 16 Jan 2024 14:33:34 GMT
GET /api/workouts/favoriteworkouts status 304, 6.792 ms Tue, 16 Jan 2024 14:33:34 GMT
GET /api/workouts/favoriteworkouts status 304, 7.017 ms Tue, 16 Jan 2024 14:33:34 GMT
POST /api/user/authenticate status 200, 5.614 ms Tue, 16 Jan 2024 14:33:36 GMT
GET /api/workouts/myworkouts status 304, 7.411 ms Tue, 16 Jan 2024 14:33:36 GMT
GET /api/workouts/myworkouts status 304, 5.813 ms Tue, 16 Jan 2024 14:33:36 GMT
POST /api/user/authenticate status 200, 4.479 ms Tue, 16 Jan 2024 14:34:05 GMT
GET /api/workouts/favoriteworkouts status 304, 7.114 ms Tue, 16 Jan 2024 14:34:05 GMT
GET /api/workouts/favoriteworkouts status 304, 5.808 ms Tue, 16 Jan 2024 14:34:05 GMT
POST /api/user/authenticate status 200, 5.132 ms Tue, 16 Jan 2024 14:34:18 GMT
GET /api/workouts status 304, 5.160 ms Tue, 16 Jan 2024 14:34:18 GMT
GET /api/workouts status 304, 7.737 ms Tue, 16 Jan 2024 14:34:18 GMT
POST /api/user/authenticate status 200, 5.663 ms Tue, 16 Jan 2024 14:34:31 GMT
GET /api/workouts/myworkouts status 304, 6.018 ms Tue, 16 Jan 2024 14:34:31 GMT
GET /api/workouts/myworkouts status 304, 6.372 ms Tue, 16 Jan 2024 14:34:31 GMT
POST /api/user/authenticate status 200, 3.806 ms Tue, 16 Jan 2024 14:34:32 GMT
GET /api/workouts/workout/65a4d767df173b77257b40e8 status 200, 3.877 ms Tue, 16 Jan 2024 14:34:32 GMT
GET /api/workouts/workout/65a4d767df173b77257b40e8 status 304, 13.682 ms Tue, 16 Jan 2024 14:34:33 GMT
PUT /api/workouts/myworkouts/65a4d767df173b77257b40e8 status 200, 8.515 ms Tue, 16 Jan 2024 14:34:40 GMT
POST /api/user/authenticate status 200, 7.088 ms Tue, 16 Jan 2024 14:34:41 GMT
GET /api/workouts/myworkouts status 200, 7.814 ms Tue, 16 Jan 2024 14:34:41 GMT
GET /api/workouts/myworkouts status 304, 4.555 ms Tue, 16 Jan 2024 14:34:41 GMT
POST /api/user/authenticate status 200, 4.319 ms Tue, 16 Jan 2024 14:35:38 GMT
GET /api/workouts/workout/65a3b76cb8b419eb9fb4bd77 status 200, 5.637 ms Tue, 16 Jan 2024 14:35:38 GMT
GET /api/workouts/workout/65a3b76cb8b419eb9fb4bd77 status 304, 4.092 ms Tue, 16 Jan 2024 14:35:38 GMT
PUT /api/workouts/myworkouts/65a3b76cb8b419eb9fb4bd77 status 200, 10.108 ms Tue, 16 Jan 2024 14:35:40 GMT
POST /api/user/authenticate status 200, 7.815 ms Tue, 16 Jan 2024 14:35:41 GMT
GET /api/workouts/myworkouts status 200, 9.750 ms Tue, 16 Jan 2024 14:35:41 GMT
GET /api/workouts/myworkouts status 304, 8.675 ms Tue, 16 Jan 2024 14:35:41 GMT
POST /api/user/authenticate status 200, 4.534 ms Tue, 16 Jan 2024 14:35:44 GMT
GET /api/workouts/workout/65a3b76cb8b419eb9fb4bd77 status 200, 4.209 ms Tue, 16 Jan 2024 14:35:44 GMT
GET /api/workouts/workout/65a3b76cb8b419eb9fb4bd77 status 304, 5.641 ms Tue, 16 Jan 2024 14:35:45 GMT
PUT /api/workouts/myworkouts/65a3b76cb8b419eb9fb4bd77 status 200, 9.191 ms Tue, 16 Jan 2024 14:35:46 GMT
POST /api/user/authenticate status 200, 8.483 ms Tue, 16 Jan 2024 14:35:46 GMT
GET /api/workouts/myworkouts status 200, 9.901 ms Tue, 16 Jan 2024 14:35:46 GMT
GET /api/workouts/myworkouts status 304, 6.147 ms Tue, 16 Jan 2024 14:35:46 GMT
POST /api/user/authenticate status 200, 4.156 ms Tue, 16 Jan 2024 14:35:51 GMT
GET /api/workouts/workout/65a3b76cb8b419eb9fb4bd77 status 200, 4.152 ms Tue, 16 Jan 2024 14:35:52 GMT
GET /api/workouts/workout/65a3b76cb8b419eb9fb4bd77 status 304, 4.109 ms Tue, 16 Jan 2024 14:35:52 GMT
PUT /api/workouts/myworkouts/65a3b76cb8b419eb9fb4bd77 status 200, 9.493 ms Tue, 16 Jan 2024 14:35:54 GMT
POST /api/user/authenticate status 200, 6.323 ms Tue, 16 Jan 2024 14:35:54 GMT
GET /api/workouts/myworkouts status 200, 7.566 ms Tue, 16 Jan 2024 14:35:54 GMT
GET /api/workouts/myworkouts status 304, 5.734 ms Tue, 16 Jan 2024 14:35:54 GMT
POST /api/user/authenticate status 200, 4.775 ms Tue, 16 Jan 2024 14:36:23 GMT
GET /api/workouts/workout/65a3b76cb8b419eb9fb4bd77 status 200, 5.830 ms Tue, 16 Jan 2024 14:36:23 GMT
GET /api/workouts/workout/65a3b76cb8b419eb9fb4bd77 status 304, 4.397 ms Tue, 16 Jan 2024 14:36:23 GMT
PUT /api/workouts/myworkouts/65a3b76cb8b419eb9fb4bd77 status 200, 10.265 ms Tue, 16 Jan 2024 14:36:25 GMT
POST /api/user/authenticate status 200, 8.054 ms Tue, 16 Jan 2024 14:36:25 GMT
GET /api/workouts/myworkouts status 200, 8.662 ms Tue, 16 Jan 2024 14:36:25 GMT
GET /api/workouts/myworkouts status 304, 6.397 ms Tue, 16 Jan 2024 14:36:25 GMT
POST /api/user/authenticate status 200, 4.599 ms Tue, 16 Jan 2024 14:36:48 GMT
GET /api/workouts/favoriteworkouts status 200, 7.066 ms Tue, 16 Jan 2024 14:36:49 GMT
GET /api/workouts/favoriteworkouts status 304, 4.635 ms Tue, 16 Jan 2024 14:36:49 GMT
POST /api/user/authenticate status 200, 16.565 ms Tue, 16 Jan 2024 14:36:57 GMT
GET /api/workouts/myworkouts status 304, 15.374 ms Tue, 16 Jan 2024 14:36:57 GMT
GET /api/workouts/myworkouts status 304, 9.799 ms Tue, 16 Jan 2024 14:36:57 GMT
POST /api/user/authenticate status 200, 3.345 ms Tue, 16 Jan 2024 14:37:00 GMT
GET /api/workouts status 200, 3.089 ms Tue, 16 Jan 2024 14:37:00 GMT
GET /api/workouts status 304, 2.792 ms Tue, 16 Jan 2024 14:37:00 GMT
POST /api/user/authenticate status 200, 7.485 ms Tue, 16 Jan 2024 14:41:13 GMT
GET /api/workouts/favoriteworkouts status 304, 9.248 ms Tue, 16 Jan 2024 14:41:13 GMT
GET /api/workouts/favoriteworkouts status 304, 6.896 ms Tue, 16 Jan 2024 14:41:13 GMT
PUT /api/workouts/unfavorite/65a3b76cb8b419eb9fb4bd77 status 200, 8.109 ms Tue, 16 Jan 2024 14:42:08 GMT
POST /api/user/authenticate status 200, 4.188 ms Tue, 16 Jan 2024 14:42:13 GMT
GET /api/workouts status 200, 4.848 ms Tue, 16 Jan 2024 14:42:14 GMT
GET /api/workouts status 304, 4.863 ms Tue, 16 Jan 2024 14:42:14 GMT
PUT /api/workouts/favorite/65a54e07f9a8eebed5145d6e status 200, 11.721 ms Tue, 16 Jan 2024 14:42:17 GMT
PUT /api/workouts/unfavorite/65a54e07f9a8eebed5145d6e status 200, 8.796 ms Tue, 16 Jan 2024 14:42:19 GMT
PUT /api/workouts/favorite/65a54e07f9a8eebed5145d6e status 200, 10.231 ms Tue, 16 Jan 2024 14:42:20 GMT
POST /api/user/authenticate status 200, 3.731 ms Tue, 16 Jan 2024 14:42:28 GMT
GET /api/workouts/favoriteworkouts status 200, 6.697 ms Tue, 16 Jan 2024 14:42:28 GMT
GET /api/workouts/favoriteworkouts status 304, 7.518 ms Tue, 16 Jan 2024 14:42:28 GMT
POST /api/user/authenticate status 200, 6.566 ms Tue, 16 Jan 2024 14:42:30 GMT
GET /api/workouts status 200, 5.909 ms Tue, 16 Jan 2024 14:42:30 GMT
GET /api/workouts status 304, 4.250 ms Tue, 16 Jan 2024 14:42:30 GMT
GET /api/workouts/myworkouts status 200, 7.893 ms Tue, 16 Jan 2024 14:42:37 GMT
POST /api/user/authenticate status 200, 5.265 ms Tue, 16 Jan 2024 14:42:37 GMT
GET /api/workouts/myworkouts status 304, 6.944 ms Tue, 16 Jan 2024 14:42:37 GMT
POST /api/user/authenticate status 200, 3.862 ms Tue, 16 Jan 2024 14:42:38 GMT
GET /api/workouts status 304, 4.673 ms Tue, 16 Jan 2024 14:42:38 GMT
GET /api/workouts status 304, 4.608 ms Tue, 16 Jan 2024 14:42:38 GMT
POST /api/user/authenticate status 200, 6.602 ms Tue, 16 Jan 2024 14:42:42 GMT
GET /api/workouts/myworkouts status 304, 8.470 ms Tue, 16 Jan 2024 14:42:42 GMT
GET /api/workouts/myworkouts status 304, 7.776 ms Tue, 16 Jan 2024 14:42:42 GMT
POST /api/user/authenticate status 200, 3.777 ms Tue, 16 Jan 2024 14:42:46 GMT
GET /api/workouts/favoriteworkouts status 304, 14.097 ms Tue, 16 Jan 2024 14:42:46 GMT
GET /api/workouts/favoriteworkouts status 304, 13.349 ms Tue, 16 Jan 2024 14:42:46 GMT
POST /api/user/authenticate status 200, 8.966 ms Tue, 16 Jan 2024 14:42:48 GMT
GET /api/workouts/myworkouts status 304, 9.910 ms Tue, 16 Jan 2024 14:42:48 GMT
GET /api/workouts/myworkouts status 304, 8.421 ms Tue, 16 Jan 2024 14:42:48 GMT
POST /api/user/authenticate status 200, 3.553 ms Tue, 16 Jan 2024 14:42:50 GMT
GET /api/workouts/favoriteworkouts status 304, 7.058 ms Tue, 16 Jan 2024 14:42:51 GMT
GET /api/workouts/favoriteworkouts status 304, 6.123 ms Tue, 16 Jan 2024 14:42:51 GMT
POST /api/user/authenticate status 200, 6.357 ms Tue, 16 Jan 2024 14:45:14 GMT
GET /api/workouts/myworkouts status 304, 8.046 ms Tue, 16 Jan 2024 14:45:14 GMT
GET /api/workouts/myworkouts status 304, 5.884 ms Tue, 16 Jan 2024 14:45:14 GMT
POST /api/user/authenticate status 200, 3.283 ms Tue, 16 Jan 2024 14:45:23 GMT
GET /api/workouts status 304, 5.142 ms Tue, 16 Jan 2024 14:45:23 GMT
GET /api/workouts status 304, 4.396 ms Tue, 16 Jan 2024 14:45:23 GMT
POST /api/user/authenticate status 200, 3.904 ms Tue, 16 Jan 2024 14:45:25 GMT
POST /api/user/authenticate status 200, 6.221 ms Tue, 16 Jan 2024 14:45:46 GMT
GET /api/workouts status 304, 5.161 ms Tue, 16 Jan 2024 14:45:46 GMT
GET /api/workouts status 304, 3.775 ms Tue, 16 Jan 2024 14:45:46 GMT
POST /api/user/authenticate status 200, 6.380 ms Tue, 16 Jan 2024 14:52:28 GMT
GET /api/workouts status 304, 5.144 ms Tue, 16 Jan 2024 14:52:28 GMT
POST /api/user/authenticate status 200, 2.769 ms Tue, 16 Jan 2024 14:52:28 GMT
GET /api/workouts status 304, 3.638 ms Tue, 16 Jan 2024 14:52:28 GMT
GET /api/workouts status 304, 2.381 ms Tue, 16 Jan 2024 14:52:28 GMT
GET /api/workouts status 304, 4.194 ms Tue, 16 Jan 2024 14:52:28 GMT
POST /api/user/authenticate status 401, 10.233 ms Tue, 16 Jan 2024 16:05:12 GMT
GET /api/workouts/favoriteworkouts status 401, 5.256 ms Tue, 16 Jan 2024 16:05:12 GMT
GET /api/workouts status 304, 4.247 ms Tue, 16 Jan 2024 16:05:12 GMT
GET /api/workouts/favoriteworkouts status 401, 5.920 ms Tue, 16 Jan 2024 16:05:12 GMT
GET /api/workouts status 304, 4.678 ms Tue, 16 Jan 2024 16:05:12 GMT
POST /api/user/login status 200, 86.903 ms Tue, 16 Jan 2024 16:05:19 GMT
GET /api/workouts status 304, 7.489 ms Tue, 16 Jan 2024 16:05:19 GMT
POST /api/user/authenticate status 200, 6.879 ms Tue, 16 Jan 2024 16:05:19 GMT
GET /api/workouts status 304, 4.665 ms Tue, 16 Jan 2024 16:05:19 GMT
POST /api/user/authenticate status 200, 3.507 ms Tue, 16 Jan 2024 16:05:20 GMT
GET /api/workouts status 304, 4.173 ms Tue, 16 Jan 2024 16:05:21 GMT
GET /api/workouts status 304, 4.224 ms Tue, 16 Jan 2024 16:05:21 GMT
POST /api/user/authenticate status 200, 6.860 ms Tue, 16 Jan 2024 16:05:23 GMT
GET /api/workouts/favoriteworkouts status 304, 8.865 ms Tue, 16 Jan 2024 16:05:23 GMT
GET /api/workouts/favoriteworkouts status 304, 6.432 ms Tue, 16 Jan 2024 16:05:23 GMT
POST /api/user/authenticate status 200, 4.555 ms Tue, 16 Jan 2024 16:05:25 GMT
GET /api/workouts/myworkouts status 304, 6.884 ms Tue, 16 Jan 2024 16:05:26 GMT
GET /api/workouts/myworkouts status 304, 7.606 ms Tue, 16 Jan 2024 16:05:26 GMT
POST /api/user/authenticate status 200, 6.038 ms Tue, 16 Jan 2024 16:05:34 GMT
GET /api/workouts/favoriteworkouts status 304, 7.999 ms Tue, 16 Jan 2024 16:05:34 GMT
GET /api/workouts/favoriteworkouts status 304, 18.879 ms Tue, 16 Jan 2024 16:05:34 GMT
POST /api/user/authenticate status 200, 3.072 ms Tue, 16 Jan 2024 16:05:37 GMT
POST /api/user/authenticate status 200, 4.525 ms Tue, 16 Jan 2024 16:05:38 GMT
GET /api/workouts status 304, 3.954 ms Tue, 16 Jan 2024 16:05:39 GMT
GET /api/workouts status 304, 3.685 ms Tue, 16 Jan 2024 16:05:39 GMT
POST /api/user/authenticate status 200, 3.454 ms Tue, 16 Jan 2024 16:05:42 GMT
POST /api/user/authenticate status 200, 5.250 ms Tue, 16 Jan 2024 16:07:41 GMT
GET /api/workouts/myworkouts status 304, 7.382 ms Tue, 16 Jan 2024 16:07:42 GMT
GET /api/workouts/myworkouts status 304, 6.352 ms Tue, 16 Jan 2024 16:07:42 GMT
POST /api/user/authenticate status 200, 6.052 ms Tue, 16 Jan 2024 16:07:44 GMT
GET /api/workouts/favoriteworkouts status 304, 6.988 ms Tue, 16 Jan 2024 16:07:44 GMT
GET /api/workouts/favoriteworkouts status 304, 6.538 ms Tue, 16 Jan 2024 16:07:44 GMT
POST /api/user/authenticate status 200, 3.657 ms Tue, 16 Jan 2024 16:07:45 GMT
GET /api/workouts status 304, 4.739 ms Tue, 16 Jan 2024 16:07:46 GMT
GET /api/workouts status 304, 3.500 ms Tue, 16 Jan 2024 16:07:46 GMT
POST /api/user/authenticate status 200, 3.622 ms Tue, 16 Jan 2024 16:07:51 GMT
POST /api/user/authenticate status 200, 4.215 ms Tue, 16 Jan 2024 16:07:51 GMT
GET /api/workouts/favoriteworkouts status 304, 6.339 ms Tue, 16 Jan 2024 16:07:52 GMT
GET /api/workouts/favoriteworkouts status 304, 6.331 ms Tue, 16 Jan 2024 16:07:52 GMT
POST /api/user/authenticate status 200, 6.082 ms Tue, 16 Jan 2024 16:07:53 GMT
GET /api/workouts/myworkouts status 304, 7.382 ms Tue, 16 Jan 2024 16:07:53 GMT
GET /api/workouts/myworkouts status 304, 6.465 ms Tue, 16 Jan 2024 16:07:53 GMT
POST /api/user/authenticate status 200, 3.719 ms Tue, 16 Jan 2024 16:07:56 GMT
GET /api/workouts status 304, 3.587 ms Tue, 16 Jan 2024 16:07:56 GMT
GET /api/workouts status 304, 4.008 ms Tue, 16 Jan 2024 16:07:56 GMT
GET /api/workouts status 304, 4.764 ms Tue, 16 Jan 2024 16:14:30 GMT
POST /api/user/authenticate status 200, 4.160 ms Tue, 16 Jan 2024 16:14:30 GMT
POST /api/user/authenticate status 200, 3.539 ms Tue, 16 Jan 2024 16:14:30 GMT
GET /api/workouts status 304, 4.650 ms Tue, 16 Jan 2024 16:14:30 GMT
GET /api/workouts status 304, 4.774 ms Tue, 16 Jan 2024 16:14:30 GMT
GET /api/workouts status 304, 3.574 ms Tue, 16 Jan 2024 16:14:30 GMT
GET /api/workouts status 304, 4.642 ms Tue, 16 Jan 2024 16:14:44 GMT
GET /api/workouts status 304, 3.989 ms Tue, 16 Jan 2024 16:14:54 GMT
GET /api/workouts status 304, 3.894 ms Tue, 16 Jan 2024 16:15:24 GMT
GET /api/workouts status 304, 4.373 ms Tue, 16 Jan 2024 16:21:34 GMT
POST /api/user/authenticate status 200, 4.238 ms Tue, 16 Jan 2024 16:22:16 GMT
GET /api/workouts status 304, 4.114 ms Tue, 16 Jan 2024 16:22:16 GMT
POST /api/user/authenticate status 200, 3.775 ms Tue, 16 Jan 2024 16:22:16 GMT
GET /api/workouts status 304, 4.470 ms Tue, 16 Jan 2024 16:22:16 GMT
GET /api/workouts status 304, 3.546 ms Tue, 16 Jan 2024 16:22:16 GMT
GET /api/workouts status 304, 3.689 ms Tue, 16 Jan 2024 16:22:17 GMT
POST /api/user/authenticate status 200, 4.209 ms Tue, 16 Jan 2024 16:24:14 GMT
GET /api/workouts status 304, 3.726 ms Tue, 16 Jan 2024 16:24:14 GMT
GET /api/workouts status 304, 4.021 ms Tue, 16 Jan 2024 16:24:14 GMT
POST /api/user/authenticate status 200, 5.510 ms Tue, 16 Jan 2024 16:24:16 GMT
GET /api/workouts status 304, 5.135 ms Tue, 16 Jan 2024 16:24:16 GMT
GET /api/workouts status 304, 4.627 ms Tue, 16 Jan 2024 16:24:16 GMT
POST /api/user/authenticate status 200, 4.171 ms Tue, 16 Jan 2024 16:24:17 GMT
GET /api/workouts status 304, 3.648 ms Tue, 16 Jan 2024 16:24:17 GMT
GET /api/workouts status 304, 3.056 ms Tue, 16 Jan 2024 16:24:18 GMT
POST /api/user/authenticate status 200, 3.590 ms Tue, 16 Jan 2024 16:24:19 GMT
GET /api/workouts status 304, 3.671 ms Tue, 16 Jan 2024 16:24:19 GMT
GET /api/workouts status 304, 3.803 ms Tue, 16 Jan 2024 16:24:19 GMT
POST /api/user/authenticate status 200, 4.594 ms Tue, 16 Jan 2024 16:24:38 GMT
GET /api/workouts/favoriteworkouts status 304, 51.095 ms Tue, 16 Jan 2024 16:24:38 GMT
GET /api/workouts/favoriteworkouts status 304, 7.939 ms Tue, 16 Jan 2024 16:24:38 GMT
POST /api/user/authenticate status 200, 3.081 ms Tue, 16 Jan 2024 16:24:39 GMT
GET /api/workouts status 304, 3.196 ms Tue, 16 Jan 2024 16:24:39 GMT
GET /api/workouts status 304, 4.847 ms Tue, 16 Jan 2024 16:24:40 GMT
POST /api/user/authenticate status 200, 4.500 ms Tue, 16 Jan 2024 16:26:02 GMT
GET /api/workouts status 304, 5.216 ms Tue, 16 Jan 2024 16:26:02 GMT
GET /api/workouts status 304, 3.026 ms Tue, 16 Jan 2024 16:26:02 GMT
POST /api/user/authenticate status 200, 3.236 ms Tue, 16 Jan 2024 16:26:04 GMT
GET /api/workouts status 304, 2.901 ms Tue, 16 Jan 2024 16:26:05 GMT
GET /api/workouts status 304, 5.844 ms Tue, 16 Jan 2024 16:26:05 GMT
POST /api/user/authenticate status 200, 3.197 ms Tue, 16 Jan 2024 16:26:18 GMT
GET /api/workouts status 304, 3.657 ms Tue, 16 Jan 2024 16:26:19 GMT
GET /api/workouts status 304, 3.986 ms Tue, 16 Jan 2024 16:26:19 GMT
POST /api/user/authenticate status 200, 6.048 ms Tue, 16 Jan 2024 16:26:22 GMT
GET /api/workouts status 304, 5.950 ms Tue, 16 Jan 2024 16:26:22 GMT
GET /api/workouts status 304, 2.575 ms Tue, 16 Jan 2024 16:26:22 GMT
POST /api/user/authenticate status 200, 2.938 ms Tue, 16 Jan 2024 16:26:24 GMT
GET /api/workouts status 304, 3.321 ms Tue, 16 Jan 2024 16:26:24 GMT
GET /api/workouts status 304, 4.259 ms Tue, 16 Jan 2024 16:26:25 GMT
POST /api/user/authenticate status 200, 3.185 ms Tue, 16 Jan 2024 16:26:25 GMT
GET /api/workouts status 304, 2.991 ms Tue, 16 Jan 2024 16:26:26 GMT
GET /api/workouts status 304, 7.975 ms Tue, 16 Jan 2024 16:26:26 GMT
POST /api/user/authenticate status 200, 3.253 ms Tue, 16 Jan 2024 16:26:46 GMT
GET /api/workouts/favoriteworkouts status 304, 5.925 ms Tue, 16 Jan 2024 16:26:46 GMT
GET /api/workouts/favoriteworkouts status 304, 5.768 ms Tue, 16 Jan 2024 16:26:46 GMT
POST /api/user/authenticate status 200, 4.295 ms Tue, 16 Jan 2024 16:26:48 GMT
GET /api/workouts status 304, 5.716 ms Tue, 16 Jan 2024 16:26:48 GMT
GET /api/workouts status 304, 7.560 ms Tue, 16 Jan 2024 16:26:48 GMT
POST /api/user/authenticate status 200, 5.451 ms Tue, 16 Jan 2024 16:42:01 GMT
GET /api/workouts/workout/65a54e7df9a8eebed5145d7b status 200, 7.437 ms Tue, 16 Jan 2024 16:42:01 GMT
GET /api/workouts/workout/65a54e7df9a8eebed5145d7b status 304, 8.289 ms Tue, 16 Jan 2024 16:42:01 GMT
POST /api/user/authenticate status 200, 4.262 ms Tue, 16 Jan 2024 16:42:12 GMT
GET /api/workouts status 304, 4.448 ms Tue, 16 Jan 2024 16:42:12 GMT
GET /api/workouts status 304, 4.548 ms Tue, 16 Jan 2024 16:42:12 GMT
POST /api/user/authenticate status 200, 6.246 ms Tue, 16 Jan 2024 16:42:17 GMT
GET /api/workouts status 304, 4.951 ms Tue, 16 Jan 2024 16:42:17 GMT
GET /api/workouts status 304, 3.848 ms Tue, 16 Jan 2024 16:42:17 GMT
POST /api/user/authenticate status 200, 4.740 ms Tue, 16 Jan 2024 16:42:47 GMT
GET /api/workouts/favoriteworkouts status 304, 7.360 ms Tue, 16 Jan 2024 16:42:47 GMT
GET /api/workouts/favoriteworkouts status 304, 4.308 ms Tue, 16 Jan 2024 16:42:47 GMT
POST /api/user/authenticate status 200, 2.970 ms Tue, 16 Jan 2024 16:42:54 GMT
POST /api/user/authenticate status 200, 5.382 ms Tue, 16 Jan 2024 16:43:12 GMT
GET /api/workouts/favoriteworkouts status 304, 6.874 ms Tue, 16 Jan 2024 16:43:12 GMT
GET /api/workouts/favoriteworkouts status 304, 7.366 ms Tue, 16 Jan 2024 16:43:12 GMT
POST /api/user/authenticate status 200, 4.761 ms Tue, 16 Jan 2024 16:43:21 GMT
POST /api/user/authenticate status 200, 8.022 ms Tue, 16 Jan 2024 16:44:01 GMT
GET /api/workouts/favoriteworkouts status 304, 10.734 ms Tue, 16 Jan 2024 16:44:01 GMT
GET /api/workouts/favoriteworkouts status 304, 8.121 ms Tue, 16 Jan 2024 16:44:01 GMT
PUT /api/workouts/unfavorite/65a3b7d3b8b419eb9fb4bda0 status 200, 12.846 ms Tue, 16 Jan 2024 16:44:06 GMT
POST /api/user/authenticate status 200, 6.108 ms Tue, 16 Jan 2024 16:44:09 GMT
GET /api/workouts/myworkouts status 200, 7.091 ms Tue, 16 Jan 2024 16:44:09 GMT
GET /api/workouts/myworkouts status 304, 5.935 ms Tue, 16 Jan 2024 16:44:09 GMT
POST /api/user/authenticate status 200, 3.237 ms Tue, 16 Jan 2024 16:44:13 GMT
GET /api/workouts/favoriteworkouts status 200, 6.727 ms Tue, 16 Jan 2024 16:44:13 GMT
GET /api/workouts/favoriteworkouts status 304, 5.984 ms Tue, 16 Jan 2024 16:44:13 GMT
POST /api/user/authenticate status 200, 4.782 ms Tue, 16 Jan 2024 16:44:14 GMT
GET /api/workouts status 200, 3.548 ms Tue, 16 Jan 2024 16:44:14 GMT
GET /api/workouts status 304, 6.066 ms Tue, 16 Jan 2024 16:44:14 GMT
PUT /api/workouts/unfavorite/65a54e7df9a8eebed5145d7b status 200, 10.823 ms Tue, 16 Jan 2024 16:44:15 GMT
PUT /api/workouts/unfavorite/65a54e07f9a8eebed5145d6e status 200, 9.137 ms Tue, 16 Jan 2024 16:44:16 GMT
PUT /api/workouts/unfavorite/65a4d767df173b77257b40e8 status 200, 9.640 ms Tue, 16 Jan 2024 16:44:16 GMT
PUT /api/workouts/unfavorite/65a3b806b8b419eb9fb4bdbc status 200, 14.571 ms Tue, 16 Jan 2024 16:44:17 GMT
PUT /api/workouts/favorite/65a3b76cb8b419eb9fb4bd77 status 200, 11.425 ms Tue, 16 Jan 2024 16:44:20 GMT
PUT /api/workouts/favorite/65a4d767df173b77257b40e8 status 200, 18.090 ms Tue, 16 Jan 2024 16:44:24 GMT
PUT /api/workouts/favorite/65a3b806b8b419eb9fb4bdbc status 200, 11.695 ms Tue, 16 Jan 2024 16:44:25 GMT
PUT /api/workouts/favorite/65a54e07f9a8eebed5145d6e status 200, 15.271 ms Tue, 16 Jan 2024 16:44:26 GMT
PUT /api/workouts/favorite/65a54e7df9a8eebed5145d7b status 200, 11.787 ms Tue, 16 Jan 2024 16:44:27 GMT
PUT /api/workouts/unfavorite/65a3b806b8b419eb9fb4bdbc status 200, 11.094 ms Tue, 16 Jan 2024 16:44:33 GMT
PUT /api/workouts/favorite/65a3b806b8b419eb9fb4bdbc status 200, 12.797 ms Tue, 16 Jan 2024 16:44:33 GMT
PUT /api/workouts/unfavorite/65a3b806b8b419eb9fb4bdbc status 200, 9.460 ms Tue, 16 Jan 2024 16:44:33 GMT
PUT /api/workouts/favorite/65a3b806b8b419eb9fb4bdbc status 200, 10.578 ms Tue, 16 Jan 2024 16:44:33 GMT
PUT /api/workouts/unfavorite/65a3b806b8b419eb9fb4bdbc status 200, 9.493 ms Tue, 16 Jan 2024 16:44:33 GMT
PUT /api/workouts/favorite/65a3b806b8b419eb9fb4bdbc status 200, 13.241 ms Tue, 16 Jan 2024 16:44:33 GMT
PUT /api/workouts/unfavorite/65a3b806b8b419eb9fb4bdbc status 200, 10.527 ms Tue, 16 Jan 2024 16:44:33 GMT
PUT /api/workouts/favorite/65a3b806b8b419eb9fb4bdbc status 200, 12.048 ms Tue, 16 Jan 2024 16:44:34 GMT
PUT /api/workouts/unfavorite/65a3b806b8b419eb9fb4bdbc status 200, 11.845 ms Tue, 16 Jan 2024 16:44:34 GMT
PUT /api/workouts/favorite/65a3b806b8b419eb9fb4bdbc status 200, 13.815 ms Tue, 16 Jan 2024 16:44:34 GMT
PUT /api/workouts/unfavorite/65a3b806b8b419eb9fb4bdbc status 200, 7.502 ms Tue, 16 Jan 2024 16:44:34 GMT
PUT /api/workouts/favorite/65a3b806b8b419eb9fb4bdbc status 200, 12.745 ms Tue, 16 Jan 2024 16:44:34 GMT
PUT /api/workouts/unfavorite/65a4d767df173b77257b40e8 status 200, 7.665 ms Tue, 16 Jan 2024 16:44:51 GMT
PUT /api/workouts/favorite/65a4d767df173b77257b40e8 status 200, 11.147 ms Tue, 16 Jan 2024 16:44:52 GMT
PUT /api/workouts/unfavorite/65a4d767df173b77257b40e8 status 200, 9.012 ms Tue, 16 Jan 2024 16:44:52 GMT
PUT /api/workouts/unfavorite/65a4d767df173b77257b40e8 status 400, 9.584 ms Tue, 16 Jan 2024 16:44:52 GMT
PUT /api/workouts/favorite/65a4d767df173b77257b40e8 status 200, 55.435 ms Tue, 16 Jan 2024 16:44:52 GMT
PUT /api/workouts/favorite/65a4d767df173b77257b40e8 status 400, 8.122 ms Tue, 16 Jan 2024 16:44:52 GMT
PUT /api/workouts/unfavorite/65a4d767df173b77257b40e8 status 200, 10.133 ms Tue, 16 Jan 2024 16:44:52 GMT
PUT /api/workouts/favorite/65a4d767df173b77257b40e8 status 200, 12.104 ms Tue, 16 Jan 2024 16:44:53 GMT
PUT /api/workouts/unfavorite/65a4d767df173b77257b40e8 status 200, 10.753 ms Tue, 16 Jan 2024 16:44:53 GMT
PUT /api/workouts/favorite/65a4d767df173b77257b40e8 status 200, 12.115 ms Tue, 16 Jan 2024 16:44:53 GMT
PUT /api/workouts/unfavorite/65a4d767df173b77257b40e8 status 200, 8.171 ms Tue, 16 Jan 2024 16:44:53 GMT
PUT /api/workouts/favorite/65a4d767df173b77257b40e8 status 200, 14.303 ms Tue, 16 Jan 2024 16:44:53 GMT
PUT /api/workouts/unfavorite/65a4d767df173b77257b40e8 status 200, 10.334 ms Tue, 16 Jan 2024 16:44:53 GMT
PUT /api/workouts/favorite/65a4d767df173b77257b40e8 status 200, 12.297 ms Tue, 16 Jan 2024 16:44:53 GMT
PUT /api/workouts/unfavorite/65a4d767df173b77257b40e8 status 200, 10.265 ms Tue, 16 Jan 2024 16:44:54 GMT
PUT /api/workouts/favorite/65a4d767df173b77257b40e8 status 200, 12.680 ms Tue, 16 Jan 2024 16:44:54 GMT
PUT /api/workouts/unfavorite/65a4d767df173b77257b40e8 status 200, 10.909 ms Tue, 16 Jan 2024 16:44:54 GMT
PUT /api/workouts/favorite/65a4d767df173b77257b40e8 status 200, 11.065 ms Tue, 16 Jan 2024 16:44:54 GMT
PUT /api/workouts/unfavorite/65a4d767df173b77257b40e8 status 200, 8.762 ms Tue, 16 Jan 2024 16:44:54 GMT
PUT /api/workouts/favorite/65a4d767df173b77257b40e8 status 200, 13.006 ms Tue, 16 Jan 2024 16:44:54 GMT
PUT /api/workouts/unfavorite/65a4d767df173b77257b40e8 status 200, 10.297 ms Tue, 16 Jan 2024 16:44:54 GMT
POST /api/user/authenticate status 200, 4.271 ms Tue, 16 Jan 2024 16:44:56 GMT
GET /api/workouts/myworkouts status 200, 7.367 ms Tue, 16 Jan 2024 16:44:57 GMT
GET /api/workouts/myworkouts status 304, 16.387 ms Tue, 16 Jan 2024 16:44:57 GMT
POST /api/user/authenticate status 200, 6.646 ms Tue, 16 Jan 2024 16:46:41 GMT
GET /api/workouts status 200, 4.347 ms Tue, 16 Jan 2024 16:46:41 GMT
GET /api/workouts status 304, 3.805 ms Tue, 16 Jan 2024 16:46:41 GMT
POST /api/user/authenticate status 200, 4.347 ms Tue, 16 Jan 2024 16:46:55 GMT
GET /api/workouts/myworkouts status 304, 7.110 ms Tue, 16 Jan 2024 16:46:55 GMT
GET /api/workouts/myworkouts status 304, 7.444 ms Tue, 16 Jan 2024 16:46:55 GMT
POST /api/user/authenticate status 200, 5.176 ms Tue, 16 Jan 2024 16:46:58 GMT
GET /api/workouts/workout/65a54e07f9a8eebed5145d6e status 200, 4.307 ms Tue, 16 Jan 2024 16:46:58 GMT
GET /api/workouts/workout/65a54e07f9a8eebed5145d6e status 304, 3.684 ms Tue, 16 Jan 2024 16:46:59 GMT
POST /api/user/authenticate status 200, 4.269 ms Tue, 16 Jan 2024 16:47:11 GMT
GET /api/workouts/myworkouts status 304, 6.536 ms Tue, 16 Jan 2024 16:47:12 GMT
GET /api/workouts/myworkouts status 304, 7.316 ms Tue, 16 Jan 2024 16:47:12 GMT
POST /api/user/authenticate status 200, 3.429 ms Tue, 16 Jan 2024 16:47:17 GMT
POST /api/user/authenticate status 200, 4.460 ms Tue, 16 Jan 2024 16:47:40 GMT
GET /api/workouts/myworkouts status 304, 8.025 ms Tue, 16 Jan 2024 16:47:40 GMT
GET /api/workouts/myworkouts status 304, 6.716 ms Tue, 16 Jan 2024 16:47:40 GMT
POST /api/user/authenticate status 200, 2.972 ms Tue, 16 Jan 2024 16:47:48 GMT
POST /api/user/authenticate status 200, 3.490 ms Tue, 16 Jan 2024 16:47:53 GMT
PUT /api/user/update/6581b7ee9f91f3de6831ef03 status 200, 7.327 ms Tue, 16 Jan 2024 16:47:59 GMT
POST /api/user/authenticate status 200, 3.800 ms Tue, 16 Jan 2024 16:47:59 GMT
POST /api/user/authenticate status 200, 4.270 ms Tue, 16 Jan 2024 16:48:08 GMT
POST /api/user/authenticate status 200, 3.762 ms Tue, 16 Jan 2024 16:48:16 GMT
POST /api/user/authenticate status 200, 4.007 ms Tue, 16 Jan 2024 16:48:17 GMT
PUT /api/user/update/6581b7ee9f91f3de6831ef03 status 200, 6.639 ms Tue, 16 Jan 2024 16:48:22 GMT
POST /api/user/authenticate status 200, 2.567 ms Tue, 16 Jan 2024 16:48:23 GMT
POST /api/user/authenticate status 200, 3.639 ms Tue, 16 Jan 2024 16:48:27 GMT
GET /api/workouts/favoriteworkouts status 200, 5.827 ms Tue, 16 Jan 2024 16:48:27 GMT
GET /api/workouts/favoriteworkouts status 304, 5.736 ms Tue, 16 Jan 2024 16:48:27 GMT
POST /api/user/authenticate status 200, 7.005 ms Tue, 16 Jan 2024 16:48:54 GMT
GET /api/workouts/myworkouts status 304, 7.966 ms Tue, 16 Jan 2024 16:48:54 GMT
GET /api/workouts/myworkouts status 304, 7.975 ms Tue, 16 Jan 2024 16:48:54 GMT
POST /api/user/authenticate status 200, 3.635 ms Tue, 16 Jan 2024 16:48:57 GMT
GET /api/workouts/workout/65a54e7df9a8eebed5145d7b status 200, 4.150 ms Tue, 16 Jan 2024 16:48:57 GMT
GET /api/workouts/workout/65a54e7df9a8eebed5145d7b status 304, 3.714 ms Tue, 16 Jan 2024 16:48:57 GMT
PUT /api/workouts/myworkouts/65a54e7df9a8eebed5145d7b status 200, 8.982 ms Tue, 16 Jan 2024 16:49:01 GMT
POST /api/user/authenticate status 200, 8.012 ms Tue, 16 Jan 2024 16:49:01 GMT
GET /api/workouts/myworkouts status 200, 8.246 ms Tue, 16 Jan 2024 16:49:01 GMT
GET /api/workouts/myworkouts status 304, 7.105 ms Tue, 16 Jan 2024 16:49:01 GMT
POST /api/user/authenticate status 200, 3.412 ms Tue, 16 Jan 2024 16:49:21 GMT
GET /api/workouts/favoriteworkouts status 200, 5.793 ms Tue, 16 Jan 2024 16:49:22 GMT
GET /api/workouts/favoriteworkouts status 304, 5.723 ms Tue, 16 Jan 2024 16:49:22 GMT
POST /api/user/authenticate status 200, 6.088 ms Tue, 16 Jan 2024 16:49:43 GMT
GET /api/workouts status 200, 5.629 ms Tue, 16 Jan 2024 16:49:43 GMT
GET /api/workouts status 304, 3.428 ms Tue, 16 Jan 2024 16:49:43 GMT
POST /api/user/authenticate status 200, 3.172 ms Tue, 16 Jan 2024 16:53:31 GMT
POST /api/user/authenticate status 200, 6.335 ms Tue, 16 Jan 2024 16:53:32 GMT
GET /api/workouts/favoriteworkouts status 304, 8.364 ms Tue, 16 Jan 2024 16:53:32 GMT
GET /api/workouts/favoriteworkouts status 304, 6.494 ms Tue, 16 Jan 2024 16:53:32 GMT
POST /api/user/authenticate status 200, 3.749 ms Tue, 16 Jan 2024 16:53:36 GMT
GET /api/workouts status 304, 3.604 ms Tue, 16 Jan 2024 16:53:36 GMT
GET /api/workouts status 304, 4.651 ms Tue, 16 Jan 2024 16:53:36 GMT
POST /api/user/authenticate status 200, 3.598 ms Tue, 16 Jan 2024 16:54:25 GMT
GET /api/workouts status 304, 3.942 ms Tue, 16 Jan 2024 16:54:25 GMT
POST /api/user/authenticate status 200, 4.814 ms Tue, 16 Jan 2024 16:54:25 GMT
GET /api/workouts status 304, 3.653 ms Tue, 16 Jan 2024 16:54:25 GMT
GET /api/workouts status 304, 3.734 ms Tue, 16 Jan 2024 16:54:25 GMT
GET /api/workouts status 304, 3.567 ms Tue, 16 Jan 2024 16:54:25 GMT
GET /api/workouts status 304, 4.189 ms Tue, 16 Jan 2024 16:54:39 GMT
POST /api/user/authenticate status 200, 5.014 ms Tue, 16 Jan 2024 16:55:09 GMT
GET /api/workouts status 304, 4.408 ms Tue, 16 Jan 2024 16:55:09 GMT
POST /api/user/authenticate status 200, 3.431 ms Tue, 16 Jan 2024 16:55:09 GMT
GET /api/workouts status 304, 6.213 ms Tue, 16 Jan 2024 16:55:09 GMT
GET /api/workouts status 304, 2.612 ms Tue, 16 Jan 2024 16:55:09 GMT
GET /api/workouts status 304, 3.489 ms Tue, 16 Jan 2024 16:55:09 GMT
GET /api/workouts status 304, 4.534 ms Tue, 16 Jan 2024 16:55:18 GMT
POST /api/user/authenticate status 200, 4.077 ms Tue, 16 Jan 2024 16:55:22 GMT
GET /api/workouts/myworkouts status 304, 10.170 ms Tue, 16 Jan 2024 16:55:22 GMT
GET /api/workouts/myworkouts status 304, 8.218 ms Tue, 16 Jan 2024 16:55:22 GMT
POST /api/user/authenticate status 200, 3.378 ms Tue, 16 Jan 2024 16:55:23 GMT
GET /api/workouts/favoriteworkouts status 304, 8.558 ms Tue, 16 Jan 2024 16:55:23 GMT
GET /api/workouts/favoriteworkouts status 304, 6.327 ms Tue, 16 Jan 2024 16:55:23 GMT
POST /api/user/authenticate status 200, 3.936 ms Tue, 16 Jan 2024 16:55:24 GMT
GET /api/workouts/myworkouts status 304, 8.957 ms Tue, 16 Jan 2024 16:55:24 GMT
GET /api/workouts/myworkouts status 304, 5.746 ms Tue, 16 Jan 2024 16:55:24 GMT
POST /api/user/authenticate status 200, 4.018 ms Tue, 16 Jan 2024 16:55:25 GMT
POST /api/user/authenticate status 200, 6.846 ms Tue, 16 Jan 2024 16:55:27 GMT
GET /api/workouts status 304, 7.091 ms Tue, 16 Jan 2024 16:55:27 GMT
GET /api/workouts status 304, 5.286 ms Tue, 16 Jan 2024 16:55:27 GMT
POST /api/user/authenticate status 200, 3.759 ms Tue, 16 Jan 2024 16:55:27 GMT
POST /api/user/authenticate status 200, 5.024 ms Tue, 16 Jan 2024 16:55:32 GMT
GET /api/workouts status 304, 3.942 ms Tue, 16 Jan 2024 16:55:32 GMT
GET /api/workouts status 304, 3.819 ms Tue, 16 Jan 2024 16:55:32 GMT
POST /api/user/authenticate status 200, 5.172 ms Tue, 16 Jan 2024 16:55:33 GMT
POST /api/user/authenticate status 200, 4.902 ms Tue, 16 Jan 2024 16:55:34 GMT
GET /api/workouts status 304, 3.881 ms Tue, 16 Jan 2024 16:55:34 GMT
GET /api/workouts status 304, 3.862 ms Tue, 16 Jan 2024 16:55:34 GMT
POST /api/user/authenticate status 200, 4.008 ms Tue, 16 Jan 2024 16:55:35 GMT
POST /api/user/authenticate status 200, 4.537 ms Tue, 16 Jan 2024 17:09:25 GMT
GET /api/workouts status 304, 4.534 ms Tue, 16 Jan 2024 17:09:25 GMT
GET /api/workouts status 304, 3.814 ms Tue, 16 Jan 2024 17:09:25 GMT
POST /api/user/authenticate status 200, 4.121 ms Tue, 16 Jan 2024 17:09:38 GMT
GET /api/workouts status 304, 5.493 ms Tue, 16 Jan 2024 17:09:38 GMT
GET /api/workouts status 304, 5.241 ms Tue, 16 Jan 2024 17:09:38 GMT
POST /api/user/authenticate status 200, 3.733 ms Tue, 16 Jan 2024 17:09:41 GMT
POST /api/user/authenticate status 200, 7.458 ms Tue, 16 Jan 2024 17:09:42 GMT
GET /api/workouts/favoriteworkouts status 304, 8.513 ms Tue, 16 Jan 2024 17:09:42 GMT
GET /api/workouts/favoriteworkouts status 304, 5.506 ms Tue, 16 Jan 2024 17:09:42 GMT
PUT /api/workouts/unfavorite/65a3b76cb8b419eb9fb4bd77 status 200, 10.328 ms Tue, 16 Jan 2024 17:09:44 GMT
PUT /api/workouts/unfavorite/65a3b79cb8b419eb9fb4bd84 status 200, 10.878 ms Tue, 16 Jan 2024 17:09:45 GMT
PUT /api/workouts/unfavorite/65a54e07f9a8eebed5145d6e status 200, 12.369 ms Tue, 16 Jan 2024 17:09:47 GMT
PUT /api/workouts/unfavorite/65a3b806b8b419eb9fb4bdbc status 200, 8.712 ms Tue, 16 Jan 2024 17:09:48 GMT
PUT /api/workouts/unfavorite/65a54e7df9a8eebed5145d7b status 200, 10.670 ms Tue, 16 Jan 2024 17:09:49 GMT
PUT /api/workouts/unfavorite/65a3b7bdb8b419eb9fb4bd93 status 200, 8.185 ms Tue, 16 Jan 2024 17:09:50 GMT
POST /api/user/authenticate status 200, 4.120 ms Tue, 16 Jan 2024 17:09:50 GMT
GET /api/workouts/myworkouts status 200, 7.706 ms Tue, 16 Jan 2024 17:09:51 GMT
GET /api/workouts/myworkouts status 304, 8.046 ms Tue, 16 Jan 2024 17:09:51 GMT
PUT /api/workouts/favorite/65a54e7df9a8eebed5145d7b status 200, 12.449 ms Tue, 16 Jan 2024 17:09:54 GMT
POST /api/user/authenticate status 200, 5.293 ms Tue, 16 Jan 2024 17:09:56 GMT
GET /api/workouts status 200, 4.967 ms Tue, 16 Jan 2024 17:09:56 GMT
GET /api/workouts status 304, 4.454 ms Tue, 16 Jan 2024 17:09:56 GMT
POST /api/user/authenticate status 200, 4.145 ms Tue, 16 Jan 2024 17:09:57 GMT
GET /api/workouts/myworkouts status 200, 7.601 ms Tue, 16 Jan 2024 17:09:57 GMT
GET /api/workouts/myworkouts status 304, 7.671 ms Tue, 16 Jan 2024 17:09:58 GMT
POST /api/user/authenticate status 200, 4.693 ms Tue, 16 Jan 2024 17:09:59 GMT
GET /api/workouts/workout/65a54e7df9a8eebed5145d7b status 200, 4.562 ms Tue, 16 Jan 2024 17:09:59 GMT
GET /api/workouts/workout/65a54e7df9a8eebed5145d7b status 304, 3.808 ms Tue, 16 Jan 2024 17:09:59 GMT
PUT /api/workouts/myworkouts/65a54e7df9a8eebed5145d7b status 200, 11.586 ms Tue, 16 Jan 2024 17:10:00 GMT
POST /api/user/authenticate status 200, 7.114 ms Tue, 16 Jan 2024 17:10:01 GMT
GET /api/workouts/myworkouts status 200, 9.466 ms Tue, 16 Jan 2024 17:10:01 GMT
GET /api/workouts/myworkouts status 304, 8.410 ms Tue, 16 Jan 2024 17:10:01 GMT
POST /api/user/authenticate status 200, 3.355 ms Tue, 16 Jan 2024 17:10:02 GMT
GET /api/workouts status 200, 4.932 ms Tue, 16 Jan 2024 17:10:02 GMT
GET /api/workouts status 304, 4.465 ms Tue, 16 Jan 2024 17:10:02 GMT
POST /api/user/authenticate status 200, 7.251 ms Tue, 16 Jan 2024 17:10:04 GMT
GET /api/workouts/favoriteworkouts status 200, 7.677 ms Tue, 16 Jan 2024 17:10:04 GMT
GET /api/workouts/favoriteworkouts status 304, 6.086 ms Tue, 16 Jan 2024 17:10:04 GMT
POST /api/user/authenticate status 200, 3.843 ms Tue, 16 Jan 2024 17:10:05 GMT
GET /api/workouts/myworkouts status 304, 5.671 ms Tue, 16 Jan 2024 17:10:06 GMT
GET /api/workouts/myworkouts status 304, 9.421 ms Tue, 16 Jan 2024 17:10:06 GMT
POST /api/user/authenticate status 200, 4.604 ms Tue, 16 Jan 2024 17:10:08 GMT
GET /api/workouts/workout/65a54e7df9a8eebed5145d7b status 200, 8.882 ms Tue, 16 Jan 2024 17:10:08 GMT
GET /api/workouts/workout/65a54e7df9a8eebed5145d7b status 304, 4.371 ms Tue, 16 Jan 2024 17:10:09 GMT
PUT /api/workouts/myworkouts/65a54e7df9a8eebed5145d7b status 200, 22.050 ms Tue, 16 Jan 2024 17:10:49 GMT
POST /api/user/authenticate status 200, 6.951 ms Tue, 16 Jan 2024 17:10:50 GMT
GET /api/workouts/myworkouts status 200, 11.884 ms Tue, 16 Jan 2024 17:10:50 GMT
GET /api/workouts/myworkouts status 304, 8.182 ms Tue, 16 Jan 2024 17:10:50 GMT
POST /api/user/authenticate status 200, 5.638 ms Tue, 16 Jan 2024 17:10:52 GMT
GET /api/workouts/workout/65a54e7df9a8eebed5145d7b status 200, 4.826 ms Tue, 16 Jan 2024 17:10:53 GMT
GET /api/workouts/workout/65a54e7df9a8eebed5145d7b status 304, 5.023 ms Tue, 16 Jan 2024 17:10:53 GMT
POST /api/user/authenticate status 200, 6.433 ms Tue, 16 Jan 2024 17:11:03 GMT
GET /api/workouts/workout/65a54e7df9a8eebed5145d7b status 304, 9.397 ms Tue, 16 Jan 2024 17:11:03 GMT
GET /api/workouts/workout/65a54e7df9a8eebed5145d7b status 304, 5.339 ms Tue, 16 Jan 2024 17:11:04 GMT
POST /api/user/authenticate status 200, 3.730 ms Tue, 16 Jan 2024 17:11:05 GMT
GET /api/workouts/myworkouts status 304, 8.568 ms Tue, 16 Jan 2024 17:11:05 GMT
GET /api/workouts/myworkouts status 304, 6.276 ms Tue, 16 Jan 2024 17:11:05 GMT
POST /api/user/authenticate status 200, 4.535 ms Tue, 16 Jan 2024 17:11:10 GMT
POST /api/user/authenticate status 200, 5.862 ms Tue, 16 Jan 2024 17:11:12 GMT
POST /api/user/authenticate status 200, 3.423 ms Tue, 16 Jan 2024 17:11:15 GMT
PUT /api/user/update/6581b7ee9f91f3de6831ef03 status 200, 6.753 ms Tue, 16 Jan 2024 17:11:18 GMT
POST /api/user/authenticate status 200, 4.678 ms Tue, 16 Jan 2024 17:11:18 GMT
POST /api/user/authenticate status 200, 3.528 ms Tue, 16 Jan 2024 17:11:21 GMT
PUT /api/user/update/6581b7ee9f91f3de6831ef03 status 200, 8.252 ms Tue, 16 Jan 2024 17:11:23 GMT
POST /api/user/authenticate status 200, 4.156 ms Tue, 16 Jan 2024 17:11:23 GMT
POST /api/user/authenticate status 200, 4.510 ms Tue, 16 Jan 2024 17:11:24 GMT
GET /api/workouts status 200, 4.017 ms Tue, 16 Jan 2024 17:11:25 GMT
GET /api/workouts status 304, 4.432 ms Tue, 16 Jan 2024 17:11:25 GMT
PUT /api/workouts/favorite/65a3b806b8b419eb9fb4bdbc status 200, 13.308 ms Tue, 16 Jan 2024 17:11:28 GMT
POST /api/user/authenticate status 200, 4.909 ms Tue, 16 Jan 2024 17:11:49 GMT
POST /api/user/authenticate status 200, 8.117 ms Tue, 16 Jan 2024 17:12:02 GMT
GET /api/workouts/myworkouts status 200, 11.235 ms Tue, 16 Jan 2024 17:12:02 GMT
GET /api/workouts/myworkouts status 304, 10.780 ms Tue, 16 Jan 2024 17:12:02 GMT
POST /api/user/authenticate status 200, 4.163 ms Tue, 16 Jan 2024 17:12:10 GMT
GET /api/workouts/favoriteworkouts status 200, 6.594 ms Tue, 16 Jan 2024 17:12:10 GMT
GET /api/workouts/favoriteworkouts status 304, 5.071 ms Tue, 16 Jan 2024 17:12:10 GMT
POST /api/user/authenticate status 200, 5.104 ms Tue, 16 Jan 2024 17:12:26 GMT
POST /api/user/authenticate status 200, 4.039 ms Tue, 16 Jan 2024 17:12:27 GMT
GET /api/workouts status 200, 3.707 ms Tue, 16 Jan 2024 17:12:27 GMT
GET /api/workouts status 304, 4.914 ms Tue, 16 Jan 2024 17:12:27 GMT
POST /api/user/authenticate status 200, 5.404 ms Tue, 16 Jan 2024 17:12:29 GMT
GET /api/workouts status 304, 4.400 ms Tue, 16 Jan 2024 17:12:29 GMT
GET /api/workouts status 304, 3.750 ms Tue, 16 Jan 2024 17:12:29 GMT
POST /api/user/authenticate status 200, 4.538 ms Tue, 16 Jan 2024 17:12:35 GMT
GET /api/workouts/favoriteworkouts status 304, 7.030 ms Tue, 16 Jan 2024 17:12:35 GMT
GET /api/workouts/favoriteworkouts status 304, 5.986 ms Tue, 16 Jan 2024 17:12:35 GMT
POST /api/user/authenticate status 200, 6.126 ms Tue, 16 Jan 2024 17:12:37 GMT
GET /api/workouts/myworkouts status 304, 9.102 ms Tue, 16 Jan 2024 17:12:37 GMT
GET /api/workouts/myworkouts status 304, 8.462 ms Tue, 16 Jan 2024 17:12:37 GMT
POST /api/user/authenticate status 200, 3.569 ms Tue, 16 Jan 2024 17:12:40 GMT
GET /api/workouts status 304, 4.003 ms Tue, 16 Jan 2024 17:12:40 GMT
GET /api/workouts status 304, 3.751 ms Tue, 16 Jan 2024 17:12:40 GMT
GET /api/workouts status 304, 4.780 ms Tue, 16 Jan 2024 17:12:47 GMT
GET /api/workouts status 304, 3.068 ms Tue, 16 Jan 2024 17:13:07 GMT
POST /api/user/authenticate status 200, 4.598 ms Tue, 16 Jan 2024 17:13:13 GMT
GET /api/workouts/favoriteworkouts status 304, 6.879 ms Tue, 16 Jan 2024 17:13:13 GMT
GET /api/workouts/favoriteworkouts status 304, 6.333 ms Tue, 16 Jan 2024 17:13:13 GMT
POST /api/user/authenticate status 200, 6.674 ms Tue, 16 Jan 2024 17:13:15 GMT
GET /api/workouts/myworkouts status 304, 9.857 ms Tue, 16 Jan 2024 17:13:15 GMT
GET /api/workouts/myworkouts status 304, 7.544 ms Tue, 16 Jan 2024 17:13:15 GMT
POST /api/user/authenticate status 200, 3.732 ms Tue, 16 Jan 2024 17:13:19 GMT
GET /api/workouts/favoriteworkouts status 304, 7.943 ms Tue, 16 Jan 2024 17:13:20 GMT
GET /api/workouts/favoriteworkouts status 304, 6.628 ms Tue, 16 Jan 2024 17:13:20 GMT
POST /api/user/authenticate status 200, 4.840 ms Tue, 16 Jan 2024 17:13:22 GMT
GET /api/workouts status 304, 5.644 ms Tue, 16 Jan 2024 17:13:22 GMT
GET /api/workouts status 304, 3.260 ms Tue, 16 Jan 2024 17:13:22 GMT
POST /api/user/authenticate status 200, 4.473 ms Tue, 16 Jan 2024 17:13:22 GMT
GET /api/workouts status 304, 4.517 ms Tue, 16 Jan 2024 17:13:22 GMT
GET /api/workouts status 304, 4.545 ms Tue, 16 Jan 2024 17:13:22 GMT
POST /api/user/authenticate status 200, 6.130 ms Tue, 16 Jan 2024 17:13:24 GMT
GET /api/workouts/favoriteworkouts status 304, 7.359 ms Tue, 16 Jan 2024 17:13:24 GMT
GET /api/workouts/favoriteworkouts status 304, 5.442 ms Tue, 16 Jan 2024 17:13:24 GMT
POST /api/user/authenticate status 200, 4.662 ms Tue, 16 Jan 2024 17:13:24 GMT
GET /api/workouts/myworkouts status 304, 9.229 ms Tue, 16 Jan 2024 17:13:25 GMT
GET /api/workouts/myworkouts status 304, 8.485 ms Tue, 16 Jan 2024 17:13:25 GMT
POST /api/user/authenticate status 200, 4.628 ms Tue, 16 Jan 2024 17:13:26 GMT
POST /api/user/authenticate status 200, 5.041 ms Tue, 16 Jan 2024 17:13:35 GMT
GET /api/workouts status 304, 5.162 ms Tue, 16 Jan 2024 17:13:35 GMT
GET /api/workouts status 304, 3.830 ms Tue, 16 Jan 2024 17:13:35 GMT
POST /api/user/authenticate status 200, 6.046 ms Tue, 16 Jan 2024 17:13:37 GMT
GET /api/workouts status 304, 7.159 ms Tue, 16 Jan 2024 17:13:37 GMT
GET /api/workouts status 304, 3.326 ms Tue, 16 Jan 2024 17:13:37 GMT
POST /api/user/authenticate status 200, 3.787 ms Tue, 16 Jan 2024 17:14:06 GMT
POST /api/user/authenticate status 200, 3.773 ms Tue, 16 Jan 2024 17:14:09 GMT
POST /api/user/authenticate status 200, 4.017 ms Tue, 16 Jan 2024 17:14:10 GMT
POST /api/user/authenticate status 200, 5.838 ms Tue, 16 Jan 2024 17:14:15 GMT
GET /api/workouts status 304, 5.324 ms Tue, 16 Jan 2024 17:14:15 GMT
GET /api/workouts status 304, 3.347 ms Tue, 16 Jan 2024 17:14:15 GMT
POST /api/user/authenticate status 200, 3.360 ms Tue, 16 Jan 2024 17:15:21 GMT
GET /api/workouts status 304, 3.500 ms Tue, 16 Jan 2024 17:15:21 GMT
GET /api/workouts status 304, 3.946 ms Tue, 16 Jan 2024 17:15:21 GMT
POST /api/user/authenticate status 200, 3.770 ms Tue, 16 Jan 2024 17:15:24 GMT
GET /api/workouts status 304, 4.447 ms Tue, 16 Jan 2024 17:15:25 GMT
GET /api/workouts status 304, 5.202 ms Tue, 16 Jan 2024 17:15:25 GMT
POST /api/user/authenticate status 200, 32.917 ms Tue, 16 Jan 2024 17:15:47 GMT
GET /api/workouts/workout/65a4d767df173b77257b40e8 status 200, 33.084 ms Tue, 16 Jan 2024 17:15:47 GMT
GET /api/workouts/workout/65a4d767df173b77257b40e8 status 304, 3.162 ms Tue, 16 Jan 2024 17:15:47 GMT
POST /api/user/authenticate status 200, 4.667 ms Tue, 16 Jan 2024 17:15:51 GMT
GET /api/workouts/myworkouts status 304, 4.957 ms Tue, 16 Jan 2024 17:15:52 GMT
GET /api/workouts/myworkouts status 304, 7.438 ms Tue, 16 Jan 2024 17:15:52 GMT
POST /api/user/authenticate status 200, 4.607 ms Tue, 16 Jan 2024 17:15:58 GMT
GET /api/workouts status 304, 4.597 ms Tue, 16 Jan 2024 17:15:58 GMT
GET /api/workouts status 304, 3.223 ms Tue, 16 Jan 2024 17:15:58 GMT
POST /api/user/authenticate status 200, 3.269 ms Tue, 16 Jan 2024 17:16:00 GMT
GET /api/workouts/favoriteworkouts status 304, 4.282 ms Tue, 16 Jan 2024 17:16:00 GMT
GET /api/workouts/favoriteworkouts status 304, 4.994 ms Tue, 16 Jan 2024 17:16:00 GMT
POST /api/user/authenticate status 200, 7.760 ms Tue, 16 Jan 2024 17:16:01 GMT
GET /api/workouts/myworkouts status 304, 8.624 ms Tue, 16 Jan 2024 17:16:01 GMT
GET /api/workouts/myworkouts status 304, 5.290 ms Tue, 16 Jan 2024 17:16:01 GMT
POST /api/user/authenticate status 200, 3.352 ms Tue, 16 Jan 2024 17:16:05 GMT
GET /api/workouts/workout/65a4d767df173b77257b40e8 status 304, 3.388 ms Tue, 16 Jan 2024 17:16:05 GMT
GET /api/workouts/workout/65a4d767df173b77257b40e8 status 304, 3.442 ms Tue, 16 Jan 2024 17:16:05 GMT
POST /api/user/authenticate status 200, 2.984 ms Tue, 16 Jan 2024 17:16:07 GMT
GET /api/workouts/myworkouts status 304, 5.070 ms Tue, 16 Jan 2024 17:16:08 GMT
GET /api/workouts/myworkouts status 304, 5.169 ms Tue, 16 Jan 2024 17:16:08 GMT
POST /api/user/authenticate status 200, 3.222 ms Tue, 16 Jan 2024 17:16:13 GMT
GET /api/workouts status 304, 2.834 ms Tue, 16 Jan 2024 17:16:13 GMT
GET /api/workouts status 304, 4.482 ms Tue, 16 Jan 2024 17:16:13 GMT
POST /api/user/authenticate status 200, 6.444 ms Tue, 16 Jan 2024 17:16:25 GMT
GET /api/workouts/myworkouts status 304, 7.524 ms Tue, 16 Jan 2024 17:16:25 GMT
GET /api/workouts/myworkouts status 304, 5.001 ms Tue, 16 Jan 2024 17:16:25 GMT
POST /api/user/authenticate status 200, 3.591 ms Tue, 16 Jan 2024 17:16:51 GMT
GET /api/workouts status 304, 5.922 ms Tue, 16 Jan 2024 17:16:56 GMT
POST /api/user/authenticate status 200, 5.475 ms Tue, 16 Jan 2024 17:16:56 GMT
GET /api/workouts status 304, 3.509 ms Tue, 16 Jan 2024 17:16:56 GMT
POST /api/user/authenticate status 200, 3.579 ms Tue, 16 Jan 2024 17:17:08 GMT
GET /api/workouts/myworkouts status 304, 6.963 ms Tue, 16 Jan 2024 17:17:09 GMT
GET /api/workouts/myworkouts status 304, 6.618 ms Tue, 16 Jan 2024 17:17:09 GMT
GET /api/workouts status 304, 3.630 ms Tue, 16 Jan 2024 17:17:50 GMT
GET /api/workouts status 304, 4.579 ms Tue, 16 Jan 2024 17:17:50 GMT
